--- Startup times for process: Primary (or UI client) ---

times in msec
 clock   self+sourced   self:  sourced script
 clock   elapsed:              other lines

000.000  000.000: --- NVIM STARTING ---
000.178  000.177: event init
000.269  000.091: early init
000.305  000.037: locale set
000.356  000.050: init first window
000.711  000.356: inits 1
000.716  000.005: window checked
000.750  000.034: parsing arguments
001.156  000.029  000.029: require('vim.shared')
001.240  000.039  000.039: require('vim.inspect')
001.284  000.033  000.033: require('vim._options')
001.285  000.127  000.054: require('vim._editor')
001.286  000.194  000.038: require('vim._init_packages')
001.287  000.342: init lua interpreter
003.547  002.260: nvim_ui_attach
004.073  000.526: nvim_set_client_info
004.075  000.002: --- NVIM STARTED ---

--- Startup times for process: Embedded ---

times in msec
 clock   self+sourced   self:  sourced script
 clock   elapsed:              other lines

000.000  000.000: --- NVIM STARTING ---
000.219  000.219: event init
000.347  000.127: early init
000.421  000.074: locale set
000.484  000.063: init first window
000.875  000.391: inits 1
000.884  000.009: window checked
000.918  000.033: parsing arguments
001.362  000.043  000.043: require('vim.shared')
001.447  000.031  000.031: require('vim.inspect')
001.498  000.041  000.041: require('vim._options')
001.499  000.135  000.063: require('vim._editor')
001.500  000.196  000.019: require('vim._init_packages')
001.501  000.387: init lua interpreter
001.572  000.072: expanding arguments
001.612  000.039: inits 2
002.134  000.522: init highlight
002.137  000.003: waiting for UI
002.531  000.393: done waiting for UI
002.550  000.019: clear screen
002.805  000.031  000.031: require('vim.keymap')
003.719  000.135  000.135: sourcing nvim_exec2()
003.883  001.330  001.164: require('vim._defaults')
003.885  000.005: init default mappings & autocommands
004.338  000.067  000.067: sourcing /usr/share/nvim/runtime/ftplugin.vim
004.388  000.018  000.018: sourcing /usr/share/nvim/runtime/indent.vim
004.539  000.089  000.089: sourcing /usr/share/nvim/archlinux.lua
004.550  000.135  000.045: sourcing /etc/xdg/nvim/sysinit.vim
005.372  000.346  000.346: require('lazy')
005.400  000.013  000.013: require('ffi')
005.432  000.016  000.016: require('vim.fs')
005.574  000.140  000.140: require('vim.uri')
005.583  000.181  000.025: require('vim.loader')
005.747  000.141  000.141: require('lazy.stats')
005.848  000.065  000.065: require('lazy.core.util')
005.952  000.102  000.102: require('lazy.core.config')
006.168  000.062  000.062: require('lazy.core.handler')
006.408  000.068  000.068: require('lazy.pkg')
006.412  000.151  000.083: require('lazy.core.meta')
006.419  000.249  000.098: require('lazy.core.plugin')
006.425  000.472  000.161: require('lazy.core.loader')
006.837  000.077  000.077: require('lazy.core.fragments')
010.554  000.072  000.072: require('lazy.core.handler.cmd')
010.634  000.065  000.065: require('lazy.core.handler.keys')
010.731  000.054  000.054: require('lazy.core.handler.event')
010.733  000.096  000.042: require('lazy.core.handler.ft')
011.396  000.094  000.094: sourcing nvim_exec2() called at /usr/share/nvim/runtime/filetype.lua:0
011.399  000.151  000.057: sourcing /usr/share/nvim/runtime/filetype.lua
011.402  000.175  000.024: sourcing nvim_exec2() called at /home/solomon/.config/nvim/init.lua:0
011.548  000.051  000.051: sourcing /usr/share/nvim/runtime/syntax/synload.vim
011.664  000.209  000.158: sourcing /usr/share/nvim/runtime/syntax/syntax.vim
011.667  000.232  000.023: sourcing nvim_exec2() called at /home/solomon/.config/nvim/init.lua:0
011.947  000.025  000.025: sourcing /home/solomon/.local/share/nvim/lazy/plenary.nvim/plugin/plenary.vim
011.955  000.055  000.030: sourcing nvim_exec2() called at /home/solomon/.config/nvim/init.lua:0
011.965  000.001  000.001: sourcing nvim_exec2() called at /home/solomon/.config/nvim/init.lua:0
011.973  000.001  000.001: sourcing nvim_exec2() called at /home/solomon/.config/nvim/init.lua:0
011.984  000.001  000.001: sourcing nvim_exec2() called at /home/solomon/.config/nvim/init.lua:0
011.990  000.001  000.001: sourcing nvim_exec2() called at /home/solomon/.config/nvim/init.lua:0
012.529  000.075  000.075: require('harpoon.utils')
012.536  000.145  000.070: require('harpoon.logger')
012.787  000.045  000.045: require('harpoon.autocmd')
012.790  000.166  000.122: require('harpoon.buffer')
012.827  000.036  000.036: require('harpoon.extensions')
012.832  000.295  000.093: require('harpoon.ui')
012.987  000.030  000.030: require('plenary.bit')
013.049  000.060  000.060: require('plenary.functional')
013.066  000.207  000.117: require('plenary.path')
013.073  000.240  000.032: require('harpoon.data')
013.122  000.048  000.048: require('harpoon.config')
013.174  000.051  000.051: require('harpoon.list')
015.887  003.896  003.118: require('harpoon')
015.947  000.003  000.003: sourcing nvim_exec2() called at /home/solomon/.config/nvim/init.lua:0
015.953  000.001  000.001: sourcing nvim_exec2() called at /home/solomon/.config/nvim/init.lua:0
016.281  000.325  000.325: require('colorful-menu')
016.851  000.051  000.051: require('nvim-treesitter.utils')
017.582  000.070  000.070: require('vim.treesitter.language')
017.619  000.035  000.035: require('vim.func')
017.662  000.038  000.038: require('vim.func._memoize')
017.710  000.314  000.171: require('vim.treesitter.query')
017.760  000.049  000.049: require('vim.treesitter._range')
017.775  000.488  000.125: require('vim.treesitter.languagetree')
017.779  000.586  000.098: require('vim.treesitter')
018.258  001.405  000.819: require('nvim-treesitter.parsers')
018.753  000.122  000.122: require('nvim-treesitter.compat')
018.852  000.037  000.037: require('nvim-treesitter.ts_utils')
018.855  000.100  000.063: require('nvim-treesitter.tsrange')
018.910  000.054  000.054: require('nvim-treesitter.caching')
018.919  000.463  000.187: require('nvim-treesitter.query')
018.928  000.597  000.134: require('nvim-treesitter.configs')
018.929  000.670  000.073: require('nvim-treesitter.info')
018.975  000.045  000.045: require('nvim-treesitter.shell_command_selectors')
018.988  002.291  000.120: require('nvim-treesitter.install')
019.014  000.025  000.025: require('nvim-treesitter.statusline')
019.045  000.030  000.030: require('nvim-treesitter.query_predicates')
019.047  002.486  000.141: require('nvim-treesitter')
019.089  000.039  000.039: require('vim.iter')
019.627  003.094  000.568: sourcing /home/solomon/.local/share/nvim/lazy/nvim-treesitter/plugin/nvim-treesitter.lua
019.631  003.119  000.026: sourcing nvim_exec2() called at /home/solomon/.config/nvim/init.lua:0
019.637  000.002  000.002: sourcing nvim_exec2() called at /home/solomon/.config/nvim/init.lua:0
019.646  000.001  000.001: sourcing nvim_exec2() called at /home/solomon/.config/nvim/init.lua:0
020.595  000.040  000.040: require('nvim-treesitter.highlight')
020.650  000.036  000.036: require('nvim-treesitter.indent')
020.763  000.063  000.063: require('nvim-treesitter.locals')
020.767  000.096  000.034: require('nvim-treesitter.incremental_selection')
020.912  000.021  000.021: require('nvim-ts-autotag._log')
020.936  000.022  000.022: require('nvim-ts-autotag.config.init')
021.013  000.024  000.024: require('nvim-ts-autotag.utils')
021.015  000.046  000.023: require('nvim-ts-autotag.config.ft')
021.016  000.079  000.033: require('nvim-ts-autotag.config.plugin')
021.020  000.161  000.039: require('nvim-ts-autotag.internal')
021.031  000.200  000.039: require('nvim-ts-autotag')
021.084  000.275  000.074: sourcing /home/solomon/.local/share/nvim/lazy/nvim-ts-autotag/plugin/nvim-ts-autotag.lua
021.087  000.300  000.025: sourcing nvim_exec2() called at /home/solomon/.config/nvim/init.lua:0
021.093  000.002  000.002: sourcing nvim_exec2() called at /home/solomon/.config/nvim/init.lua:0
021.101  000.001  000.001: sourcing nvim_exec2() called at /home/solomon/.config/nvim/init.lua:0
022.107  000.102  000.102: sourcing /home/solomon/.local/share/nvim/lazy/nvim-scrollview/plugin/scrollview.vim
022.111  000.128  000.026: sourcing nvim_exec2() called at /home/solomon/.config/nvim/init.lua:0
022.116  000.001  000.001: sourcing nvim_exec2() called at /home/solomon/.config/nvim/init.lua:0
022.127  000.001  000.001: sourcing nvim_exec2() called at /home/solomon/.config/nvim/init.lua:0
022.640  000.042  000.042: require('scrollview.utils')
022.766  000.637  000.595: require('scrollview')
022.934  000.003  000.003: require('vim.F')
022.964  000.196  000.193: require('vim.diagnostic')
023.423  000.342  000.342: require('cmp.utils.api')
023.485  000.028  000.028: require('cmp.types.cmp')
023.567  000.043  000.043: require('cmp.utils.misc')
023.576  000.090  000.046: require('cmp.types.lsp')
023.605  000.028  000.028: require('cmp.types.vim')
023.607  000.181  000.035: require('cmp.types')
023.635  000.027  000.027: require('cmp.utils.highlight')
023.691  000.026  000.026: require('cmp.utils.debug')
023.716  000.081  000.054: require('cmp.utils.autocmd')
023.929  000.005  000.005: sourcing nvim_exec2() called at /home/solomon/.local/share/nvim/lazy/nvim-cmp/plugin/cmp.lua:0
023.932  000.892  000.257: sourcing /home/solomon/.local/share/nvim/lazy/nvim-cmp/plugin/cmp.lua
023.934  000.917  000.024: sourcing nvim_exec2() called at /home/solomon/.config/nvim/init.lua:0
023.938  000.001  000.001: sourcing nvim_exec2() called at /home/solomon/.config/nvim/init.lua:0
023.948  000.001  000.001: sourcing nvim_exec2() called at /home/solomon/.config/nvim/init.lua:0
024.284  000.090  000.090: require('cmp.utils.char')
024.290  000.156  000.067: require('cmp.utils.str')
024.446  000.042  000.042: require('cmp.utils.buffer')
024.454  000.112  000.070: require('cmp.utils.keymap')
024.456  000.165  000.053: require('cmp.utils.feedkeys')
024.639  000.072  000.072: require('cmp.config.mapping')
024.689  000.048  000.048: require('cmp.utils.cache')
024.797  000.062  000.062: require('cmp.config.compare')
024.830  000.032  000.032: require('cmp.config.window')
024.831  000.141  000.047: require('cmp.config.default')
024.848  000.337  000.077: require('cmp.config')
024.857  000.400  000.063: require('cmp.utils.async')
024.945  000.047  000.047: require('cmp.utils.pattern')
024.950  000.092  000.045: require('cmp.context')
025.253  000.146  000.146: require('cmp.utils.snippet')
025.304  000.049  000.049: require('cmp.matcher')
025.313  000.288  000.093: require('cmp.entry')
025.320  000.369  000.081: require('cmp.source')
025.452  000.046  000.046: require('cmp.utils.event')
025.604  000.037  000.037: require('cmp.utils.options')
025.610  000.113  000.076: require('cmp.utils.window')
025.612  000.157  000.044: require('cmp.view.docs_view')
025.859  000.247  000.247: require('cmp.view.custom_entries_view')
026.098  000.238  000.238: require('cmp.view.wildmenu_entries_view')
026.191  000.091  000.091: require('cmp.view.native_entries_view')
026.232  000.041  000.041: require('cmp.view.ghost_text_view')
026.237  000.916  000.096: require('cmp.view')
026.768  002.732  000.634: require('cmp.core')
026.863  000.037  000.037: require('cmp.config.sources')
026.897  002.946  000.177: require('cmp')
027.226  000.003  000.003: sourcing nvim_exec2() called at /home/solomon/.config/nvim/init.lua:0
027.234  000.001  000.001: sourcing nvim_exec2() called at /home/solomon/.config/nvim/init.lua:0
027.358  000.002  000.002: sourcing nvim_exec2() called at /home/solomon/.config/nvim/init.lua:0
027.365  000.001  000.001: sourcing nvim_exec2() called at /home/solomon/.config/nvim/init.lua:0
028.308  000.832  000.832: require('vim.filetype')
028.660  000.038  000.038: require('luasnip.util.types')
028.663  000.073  000.036: require('luasnip.util.ext_opts')
028.847  000.039  000.039: require('luasnip.util.lazy_table')
028.883  000.032  000.032: require('luasnip.extras.filetype_functions')
028.889  000.131  000.060: require('luasnip.default_config')
028.891  000.226  000.095: require('luasnip.session')
028.892  000.499  000.200: require('luasnip.config')
029.031  000.026  000.026: require('luasnip.util.vimversion')
029.035  000.082  000.056: require('luasnip.util.util')
029.097  000.024  000.024: require('luasnip.nodes.key_indexer')
029.124  000.026  000.026: require('luasnip.util.feedkeys')
029.127  000.091  000.040: require('luasnip.nodes.util')
029.190  000.026  000.026: require('luasnip.session.snippet_collection.source')
029.215  000.023  000.023: require('luasnip.util.table')
029.241  000.025  000.025: require('luasnip.util.auto_table')
029.245  000.117  000.043: require('luasnip.session.snippet_collection')
029.333  000.027  000.027: require('luasnip.util.select')
029.358  000.024  000.024: require('luasnip.util.time')
029.650  000.377  000.325: require('luasnip.util._builtin_vars')
029.684  000.438  000.062: require('luasnip.util.environ')
029.723  000.037  000.037: require('luasnip.util.extend_decorator')
029.830  000.048  000.048: require('luasnip.util.path')
029.914  000.046  000.046: require('luasnip.util.log')
029.922  000.091  000.045: require('luasnip.loaders.util')
029.952  000.029  000.029: require('luasnip.loaders.data')
030.006  000.052  000.052: require('luasnip.loaders.fs_watchers')
030.009  000.285  000.065: require('luasnip.loaders')
030.020  001.124  000.075: require('luasnip')
030.084  002.641  000.186: sourcing /home/solomon/.local/share/nvim/lazy/LuaSnip/plugin/luasnip.lua
030.089  002.669  000.027: sourcing nvim_exec2() called at /home/solomon/.config/nvim/init.lua:0
030.143  000.020  000.020: sourcing /home/solomon/.local/share/nvim/lazy/LuaSnip/plugin/luasnip.vim
030.147  000.052  000.032: sourcing nvim_exec2() called at /home/solomon/.config/nvim/init.lua:0
030.157  000.002  000.002: sourcing nvim_exec2() called at /home/solomon/.config/nvim/init.lua:0
030.167  000.001  000.001: sourcing nvim_exec2() called at /home/solomon/.config/nvim/init.lua:0
030.257  000.031  000.031: require('luasnip.session.enqueueable_operations')
030.421  000.020  000.020: require('luasnip.util.events')
030.427  000.056  000.037: require('luasnip.nodes.node')
030.491  000.063  000.063: require('luasnip.nodes.insertNode')
030.545  000.053  000.053: require('luasnip.nodes.textNode')
030.591  000.043  000.043: require('luasnip.util.mark')
030.623  000.031  000.031: require('luasnip.util.pattern_tokenizer')
030.651  000.027  000.027: require('luasnip.util.dict')
032.070  001.388  001.388: require('luasnip.util.jsregexp')
032.075  001.423  000.035: require('luasnip.nodes.util.trig_engines')
032.114  001.803  000.106: require('luasnip.nodes.snippet')
032.249  000.036  000.036: require('luasnip.util.parser.neovim_ast')
032.287  000.036  000.036: require('luasnip.util.str')
032.559  000.270  000.270: require('luasnip.util.jsregexp')
032.612  000.051  000.051: require('luasnip.util.directed_graph')
032.615  000.450  000.057: require('luasnip.util.parser.ast_utils')
032.735  000.119  000.119: require('luasnip.nodes.functionNode')
032.824  000.087  000.087: require('luasnip.nodes.choiceNode')
032.905  000.080  000.080: require('luasnip.nodes.dynamicNode')
032.949  000.042  000.042: require('luasnip.util.functions')
032.955  000.839  000.061: require('luasnip.util.parser.ast_parser')
033.064  000.108  000.108: require('luasnip.util.parser.neovim_parser')
033.068  002.809  000.058: require('luasnip.util.parser')
033.115  000.046  000.046: require('luasnip.nodes.snippetProxy')
033.223  000.106  000.106: require('luasnip.util.jsonc')
033.300  000.036  000.036: require('luasnip.nodes.duplicate')
033.301  000.076  000.040: require('luasnip.loaders.snippet_cache')
033.308  006.410  000.613: require('luasnip.loaders.from_vscode')
033.503  000.067  000.067: require('vim.version')
038.886  000.109  000.109: require('luasnip.nodes.multiSnippet')
041.539  000.319  000.319: sourcing /home/solomon/.local/share/nvim/lazy/telescope.nvim/plugin/telescope.lua
041.544  000.346  000.028: sourcing nvim_exec2() called at /home/solomon/.config/nvim/init.lua:0
041.549  000.002  000.002: sourcing nvim_exec2() called at /home/solomon/.config/nvim/init.lua:0
041.575  000.001  000.001: sourcing nvim_exec2() called at /home/solomon/.config/nvim/init.lua:0
042.171  000.585  000.585: require('telescope.builtin')
042.268  000.003  000.003: sourcing nvim_exec2() called at /home/solomon/.config/nvim/init.lua:0
042.283  000.001  000.001: sourcing nvim_exec2() called at /home/solomon/.config/nvim/init.lua:0
042.530  000.029  000.029: require('nvim-autopairs._log')
042.565  000.033  000.033: require('nvim-autopairs.utils')
042.652  000.031  000.031: require('nvim-autopairs.conds')
042.656  000.063  000.031: require('nvim-autopairs.rule')
042.658  000.092  000.029: require('nvim-autopairs.rules.basic')
042.663  000.378  000.223: require('nvim-autopairs')
043.287  000.234  000.234: require('nvim-treesitter-playground')
043.401  000.374  000.140: sourcing /home/solomon/.local/share/nvim/lazy/playground/plugin/nvim-treesitter-playground.lua
043.404  000.400  000.026: sourcing nvim_exec2() called at /home/solomon/.config/nvim/init.lua:0
043.410  000.002  000.002: sourcing nvim_exec2() called at /home/solomon/.config/nvim/init.lua:0
043.436  000.001  000.001: sourcing nvim_exec2() called at /home/solomon/.config/nvim/init.lua:0
043.713  000.040  000.040: require('vim.treesitter.highlighter')
043.716  000.067  000.028: require('nvim-treesitter-playground.utils')
043.719  000.100  000.032: require('nvim-treesitter-playground.printer')
043.745  000.025  000.025: require('nvim-treesitter-playground.query')
043.779  000.033  000.033: require('nvim-treesitter-playground.promise')
043.792  000.234  000.077: require('nvim-treesitter-playground.internal')
043.862  000.002  000.002: sourcing nvim_exec2() called at /home/solomon/.config/nvim/init.lua:0
043.868  000.001  000.001: sourcing nvim_exec2() called at /home/solomon/.config/nvim/init.lua:0
044.145  000.022  000.022: require('null-ls.utils.tbl_flatten')
044.153  000.067  000.045: require('null-ls.utils')
044.198  000.141  000.074: require('null-ls.config')
044.254  000.024  000.024: require('null-ls.helpers.cache')
044.287  000.032  000.032: require('null-ls.helpers.check_exit_code')
044.319  000.030  000.030: require('null-ls.helpers.diagnostics')
044.342  000.022  000.022: require('null-ls.helpers.formatter_factory')
044.401  000.024  000.024: require('null-ls.logger')
044.429  000.026  000.026: require('null-ls.state')
044.430  000.087  000.037: require('null-ls.helpers.generator_factory')
044.479  000.024  000.024: require('null-ls.helpers.command_resolver')
044.481  000.050  000.026: require('null-ls.helpers.make_builtin')
044.505  000.023  000.023: require('null-ls.helpers.range_formatting_args_factory')
044.506  000.307  000.038: require('null-ls.helpers')
044.610  000.048  000.048: require('null-ls.methods')
044.613  000.077  000.029: require('null-ls.diagnostics')
044.617  000.110  000.033: require('null-ls.sources')
044.647  000.029  000.029: require('null-ls.builtins')
044.648  000.778  000.192: require('null-ls')
044.716  000.067  000.067: require('null-ls.builtins.formatting.stylua')
044.777  000.058  000.058: require('null-ls.builtins.formatting.black')
045.028  000.031  000.031: require('null-ls.loop')
045.126  000.038  000.038: require('vim.lsp.log')
045.353  000.225  000.225: require('vim.lsp.protocol')
045.443  000.087  000.087: require('vim.lsp.util')
045.499  000.023  000.023: require('vim.lsp.sync')
045.502  000.057  000.034: require('vim.lsp._changetracking')
045.564  000.028  000.028: require('vim.lsp._transport')
045.573  000.070  000.042: require('vim.lsp.rpc')
045.588  000.558  000.080: require('vim.lsp')
045.592  000.638  000.050: require('null-ls.client')
045.661  000.060  000.060: require('vim.lsp.buf')
045.743  000.003  000.003: sourcing nvim_exec2() called at /home/solomon/.config/nvim/init.lua:0
045.750  000.001  000.001: sourcing nvim_exec2() called at /home/solomon/.config/nvim/init.lua:0
046.471  000.110  000.110: require('monokai')
046.590  000.116  000.116: sourcing nvim_exec2() called at /home/solomon/.local/share/nvim/lazy/monokai.nvim/colors/monokai.vim:1
046.678  000.084  000.084: sourcing nvim_exec2() called at /home/solomon/.local/share/nvim/lazy/monokai.nvim/colors/monokai.vim:1
047.066  000.004  000.004: sourcing nvim_exec2() called at /home/solomon/.local/share/nvim/lazy/monokai.nvim/colors/monokai.vim:1
047.070  000.002  000.002: sourcing nvim_exec2() called at /home/solomon/.local/share/nvim/lazy/monokai.nvim/colors/monokai.vim:1
047.073  000.001  000.001: sourcing nvim_exec2() called at /home/solomon/.local/share/nvim/lazy/monokai.nvim/colors/monokai.vim:1
047.077  000.002  000.002: sourcing nvim_exec2() called at /home/solomon/.local/share/nvim/lazy/monokai.nvim/colors/monokai.vim:1
047.080  000.001  000.001: sourcing nvim_exec2() called at /home/solomon/.local/share/nvim/lazy/monokai.nvim/colors/monokai.vim:1
047.082  000.001  000.001: sourcing nvim_exec2() called at /home/solomon/.local/share/nvim/lazy/monokai.nvim/colors/monokai.vim:1
047.085  000.001  000.001: sourcing nvim_exec2() called at /home/solomon/.local/share/nvim/lazy/monokai.nvim/colors/monokai.vim:1
047.088  000.001  000.001: sourcing nvim_exec2() called at /home/solomon/.local/share/nvim/lazy/monokai.nvim/colors/monokai.vim:1
047.090  000.001  000.001: sourcing nvim_exec2() called at /home/solomon/.local/share/nvim/lazy/monokai.nvim/colors/monokai.vim:1
047.092  000.001  000.001: sourcing nvim_exec2() called at /home/solomon/.local/share/nvim/lazy/monokai.nvim/colors/monokai.vim:1
047.095  000.001  000.001: sourcing nvim_exec2() called at /home/solomon/.local/share/nvim/lazy/monokai.nvim/colors/monokai.vim:1
047.097  000.001  000.001: sourcing nvim_exec2() called at /home/solomon/.local/share/nvim/lazy/monokai.nvim/colors/monokai.vim:1
047.100  000.002  000.002: sourcing nvim_exec2() called at /home/solomon/.local/share/nvim/lazy/monokai.nvim/colors/monokai.vim:1
047.103  000.001  000.001: sourcing nvim_exec2() called at /home/solomon/.local/share/nvim/lazy/monokai.nvim/colors/monokai.vim:1
047.105  000.001  000.001: sourcing nvim_exec2() called at /home/solomon/.local/share/nvim/lazy/monokai.nvim/colors/monokai.vim:1
047.124  000.018  000.018: sourcing nvim_exec2() called at /home/solomon/.local/share/nvim/lazy/monokai.nvim/colors/monokai.vim:1
047.127  000.001  000.001: sourcing nvim_exec2() called at /home/solomon/.local/share/nvim/lazy/monokai.nvim/colors/monokai.vim:1
047.130  000.001  000.001: sourcing nvim_exec2() called at /home/solomon/.local/share/nvim/lazy/monokai.nvim/colors/monokai.vim:1
047.132  000.001  000.001: sourcing nvim_exec2() called at /home/solomon/.local/share/nvim/lazy/monokai.nvim/colors/monokai.vim:1
047.135  000.001  000.001: sourcing nvim_exec2() called at /home/solomon/.local/share/nvim/lazy/monokai.nvim/colors/monokai.vim:1
047.137  000.001  000.001: sourcing nvim_exec2() called at /home/solomon/.local/share/nvim/lazy/monokai.nvim/colors/monokai.vim:1
047.139  000.001  000.001: sourcing nvim_exec2() called at /home/solomon/.local/share/nvim/lazy/monokai.nvim/colors/monokai.vim:1
047.141  000.001  000.001: sourcing nvim_exec2() called at /home/solomon/.local/share/nvim/lazy/monokai.nvim/colors/monokai.vim:1
047.144  000.001  000.001: sourcing nvim_exec2() called at /home/solomon/.local/share/nvim/lazy/monokai.nvim/colors/monokai.vim:1
047.146  000.001  000.001: sourcing nvim_exec2() called at /home/solomon/.local/share/nvim/lazy/monokai.nvim/colors/monokai.vim:1
047.149  000.001  000.001: sourcing nvim_exec2() called at /home/solomon/.local/share/nvim/lazy/monokai.nvim/colors/monokai.vim:1
047.157  000.001  000.001: sourcing nvim_exec2() called at /home/solomon/.local/share/nvim/lazy/monokai.nvim/colors/monokai.vim:1
047.159  000.001  000.001: sourcing nvim_exec2() called at /home/solomon/.local/share/nvim/lazy/monokai.nvim/colors/monokai.vim:1
047.162  000.001  000.001: sourcing nvim_exec2() called at /home/solomon/.local/share/nvim/lazy/monokai.nvim/colors/monokai.vim:1
047.164  000.001  000.001: sourcing nvim_exec2() called at /home/solomon/.local/share/nvim/lazy/monokai.nvim/colors/monokai.vim:1
047.167  000.001  000.001: sourcing nvim_exec2() called at /home/solomon/.local/share/nvim/lazy/monokai.nvim/colors/monokai.vim:1
047.169  000.001  000.001: sourcing nvim_exec2() called at /home/solomon/.local/share/nvim/lazy/monokai.nvim/colors/monokai.vim:1
047.172  000.001  000.001: sourcing nvim_exec2() called at /home/solomon/.local/share/nvim/lazy/monokai.nvim/colors/monokai.vim:1
047.174  000.001  000.001: sourcing nvim_exec2() called at /home/solomon/.local/share/nvim/lazy/monokai.nvim/colors/monokai.vim:1
047.176  000.001  000.001: sourcing nvim_exec2() called at /home/solomon/.local/share/nvim/lazy/monokai.nvim/colors/monokai.vim:1
047.179  000.001  000.001: sourcing nvim_exec2() called at /home/solomon/.local/share/nvim/lazy/monokai.nvim/colors/monokai.vim:1
047.182  000.001  000.001: sourcing nvim_exec2() called at /home/solomon/.local/share/nvim/lazy/monokai.nvim/colors/monokai.vim:1
047.184  000.001  000.001: sourcing nvim_exec2() called at /home/solomon/.local/share/nvim/lazy/monokai.nvim/colors/monokai.vim:1
047.186  000.001  000.001: sourcing nvim_exec2() called at /home/solomon/.local/share/nvim/lazy/monokai.nvim/colors/monokai.vim:1
047.201  000.001  000.001: sourcing nvim_exec2() called at /home/solomon/.local/share/nvim/lazy/monokai.nvim/colors/monokai.vim:1
047.203  000.001  000.001: sourcing nvim_exec2() called at /home/solomon/.local/share/nvim/lazy/monokai.nvim/colors/monokai.vim:1
047.206  000.001  000.001: sourcing nvim_exec2() called at /home/solomon/.local/share/nvim/lazy/monokai.nvim/colors/monokai.vim:1
047.210  000.001  000.001: sourcing nvim_exec2() called at /home/solomon/.local/share/nvim/lazy/monokai.nvim/colors/monokai.vim:1
047.212  000.001  000.001: sourcing nvim_exec2() called at /home/solomon/.local/share/nvim/lazy/monokai.nvim/colors/monokai.vim:1
047.215  000.001  000.001: sourcing nvim_exec2() called at /home/solomon/.local/share/nvim/lazy/monokai.nvim/colors/monokai.vim:1
047.218  000.001  000.001: sourcing nvim_exec2() called at /home/solomon/.local/share/nvim/lazy/monokai.nvim/colors/monokai.vim:1
047.220  000.001  000.001: sourcing nvim_exec2() called at /home/solomon/.local/share/nvim/lazy/monokai.nvim/colors/monokai.vim:1
047.222  000.001  000.001: sourcing nvim_exec2() called at /home/solomon/.local/share/nvim/lazy/monokai.nvim/colors/monokai.vim:1
047.225  000.001  000.001: sourcing nvim_exec2() called at /home/solomon/.local/share/nvim/lazy/monokai.nvim/colors/monokai.vim:1
047.227  000.001  000.001: sourcing nvim_exec2() called at /home/solomon/.local/share/nvim/lazy/monokai.nvim/colors/monokai.vim:1
047.233  000.005  000.005: sourcing nvim_exec2() called at /home/solomon/.local/share/nvim/lazy/monokai.nvim/colors/monokai.vim:1
047.235  000.001  000.001: sourcing nvim_exec2() called at /home/solomon/.local/share/nvim/lazy/monokai.nvim/colors/monokai.vim:1
047.238  000.001  000.001: sourcing nvim_exec2() called at /home/solomon/.local/share/nvim/lazy/monokai.nvim/colors/monokai.vim:1
047.240  000.001  000.001: sourcing nvim_exec2() called at /home/solomon/.local/share/nvim/lazy/monokai.nvim/colors/monokai.vim:1
047.242  000.001  000.001: sourcing nvim_exec2() called at /home/solomon/.local/share/nvim/lazy/monokai.nvim/colors/monokai.vim:1
047.245  000.001  000.001: sourcing nvim_exec2() called at /home/solomon/.local/share/nvim/lazy/monokai.nvim/colors/monokai.vim:1
047.247  000.001  000.001: sourcing nvim_exec2() called at /home/solomon/.local/share/nvim/lazy/monokai.nvim/colors/monokai.vim:1
047.249  000.001  000.001: sourcing nvim_exec2() called at /home/solomon/.local/share/nvim/lazy/monokai.nvim/colors/monokai.vim:1
047.256  000.001  000.001: sourcing nvim_exec2() called at /home/solomon/.local/share/nvim/lazy/monokai.nvim/colors/monokai.vim:1
047.259  000.001  000.001: sourcing nvim_exec2() called at /home/solomon/.local/share/nvim/lazy/monokai.nvim/colors/monokai.vim:1
047.261  000.001  000.001: sourcing nvim_exec2() called at /home/solomon/.local/share/nvim/lazy/monokai.nvim/colors/monokai.vim:1
047.263  000.001  000.001: sourcing nvim_exec2() called at /home/solomon/.local/share/nvim/lazy/monokai.nvim/colors/monokai.vim:1
047.266  000.001  000.001: sourcing nvim_exec2() called at /home/solomon/.local/share/nvim/lazy/monokai.nvim/colors/monokai.vim:1
047.268  000.001  000.001: sourcing nvim_exec2() called at /home/solomon/.local/share/nvim/lazy/monokai.nvim/colors/monokai.vim:1
047.270  000.001  000.001: sourcing nvim_exec2() called at /home/solomon/.local/share/nvim/lazy/monokai.nvim/colors/monokai.vim:1
047.272  000.001  000.001: sourcing nvim_exec2() called at /home/solomon/.local/share/nvim/lazy/monokai.nvim/colors/monokai.vim:1
047.275  000.001  000.001: sourcing nvim_exec2() called at /home/solomon/.local/share/nvim/lazy/monokai.nvim/colors/monokai.vim:1
047.277  000.001  000.001: sourcing nvim_exec2() called at /home/solomon/.local/share/nvim/lazy/monokai.nvim/colors/monokai.vim:1
047.279  000.001  000.001: sourcing nvim_exec2() called at /home/solomon/.local/share/nvim/lazy/monokai.nvim/colors/monokai.vim:1
047.281  000.001  000.001: sourcing nvim_exec2() called at /home/solomon/.local/share/nvim/lazy/monokai.nvim/colors/monokai.vim:1
047.283  000.001  000.001: sourcing nvim_exec2() called at /home/solomon/.local/share/nvim/lazy/monokai.nvim/colors/monokai.vim:1
047.285  000.001  000.001: sourcing nvim_exec2() called at /home/solomon/.local/share/nvim/lazy/monokai.nvim/colors/monokai.vim:1
047.287  000.001  000.001: sourcing nvim_exec2() called at /home/solomon/.local/share/nvim/lazy/monokai.nvim/colors/monokai.vim:1
047.290  000.001  000.001: sourcing nvim_exec2() called at /home/solomon/.local/share/nvim/lazy/monokai.nvim/colors/monokai.vim:1
047.292  000.001  000.001: sourcing nvim_exec2() called at /home/solomon/.local/share/nvim/lazy/monokai.nvim/colors/monokai.vim:1
047.297  000.001  000.001: sourcing nvim_exec2() called at /home/solomon/.local/share/nvim/lazy/monokai.nvim/colors/monokai.vim:1
047.299  000.001  000.001: sourcing nvim_exec2() called at /home/solomon/.local/share/nvim/lazy/monokai.nvim/colors/monokai.vim:1
047.302  000.001  000.001: sourcing nvim_exec2() called at /home/solomon/.local/share/nvim/lazy/monokai.nvim/colors/monokai.vim:1
047.304  000.001  000.001: sourcing nvim_exec2() called at /home/solomon/.local/share/nvim/lazy/monokai.nvim/colors/monokai.vim:1
047.306  000.001  000.001: sourcing nvim_exec2() called at /home/solomon/.local/share/nvim/lazy/monokai.nvim/colors/monokai.vim:1
047.308  000.001  000.001: sourcing nvim_exec2() called at /home/solomon/.local/share/nvim/lazy/monokai.nvim/colors/monokai.vim:1
047.311  000.001  000.001: sourcing nvim_exec2() called at /home/solomon/.local/share/nvim/lazy/monokai.nvim/colors/monokai.vim:1
047.313  000.001  000.001: sourcing nvim_exec2() called at /home/solomon/.local/share/nvim/lazy/monokai.nvim/colors/monokai.vim:1
047.316  000.001  000.001: sourcing nvim_exec2() called at /home/solomon/.local/share/nvim/lazy/monokai.nvim/colors/monokai.vim:1
047.318  000.001  000.001: sourcing nvim_exec2() called at /home/solomon/.local/share/nvim/lazy/monokai.nvim/colors/monokai.vim:1
047.320  000.001  000.001: sourcing nvim_exec2() called at /home/solomon/.local/share/nvim/lazy/monokai.nvim/colors/monokai.vim:1
047.342  000.002  000.002: sourcing nvim_exec2() called at /home/solomon/.local/share/nvim/lazy/monokai.nvim/colors/monokai.vim:1
047.347  000.001  000.001: sourcing nvim_exec2() called at /home/solomon/.local/share/nvim/lazy/monokai.nvim/colors/monokai.vim:1
047.349  000.001  000.001: sourcing nvim_exec2() called at /home/solomon/.local/share/nvim/lazy/monokai.nvim/colors/monokai.vim:1
047.352  000.001  000.001: sourcing nvim_exec2() called at /home/solomon/.local/share/nvim/lazy/monokai.nvim/colors/monokai.vim:1
047.354  000.001  000.001: sourcing nvim_exec2() called at /home/solomon/.local/share/nvim/lazy/monokai.nvim/colors/monokai.vim:1
047.356  000.001  000.001: sourcing nvim_exec2() called at /home/solomon/.local/share/nvim/lazy/monokai.nvim/colors/monokai.vim:1
047.394  000.002  000.002: sourcing nvim_exec2() called at /home/solomon/.local/share/nvim/lazy/monokai.nvim/colors/monokai.vim:1
047.397  000.001  000.001: sourcing nvim_exec2() called at /home/solomon/.local/share/nvim/lazy/monokai.nvim/colors/monokai.vim:1
047.400  000.001  000.001: sourcing nvim_exec2() called at /home/solomon/.local/share/nvim/lazy/monokai.nvim/colors/monokai.vim:1
047.403  000.001  000.001: sourcing nvim_exec2() called at /home/solomon/.local/share/nvim/lazy/monokai.nvim/colors/monokai.vim:1
047.405  000.001  000.001: sourcing nvim_exec2() called at /home/solomon/.local/share/nvim/lazy/monokai.nvim/colors/monokai.vim:1
047.408  000.001  000.001: sourcing nvim_exec2() called at /home/solomon/.local/share/nvim/lazy/monokai.nvim/colors/monokai.vim:1
047.410  000.001  000.001: sourcing nvim_exec2() called at /home/solomon/.local/share/nvim/lazy/monokai.nvim/colors/monokai.vim:1
047.412  000.001  000.001: sourcing nvim_exec2() called at /home/solomon/.local/share/nvim/lazy/monokai.nvim/colors/monokai.vim:1
047.414  000.001  000.001: sourcing nvim_exec2() called at /home/solomon/.local/share/nvim/lazy/monokai.nvim/colors/monokai.vim:1
047.418  000.001  000.001: sourcing nvim_exec2() called at /home/solomon/.local/share/nvim/lazy/monokai.nvim/colors/monokai.vim:1
047.429  000.001  000.001: sourcing nvim_exec2() called at /home/solomon/.local/share/nvim/lazy/monokai.nvim/colors/monokai.vim:1
047.431  000.001  000.001: sourcing nvim_exec2() called at /home/solomon/.local/share/nvim/lazy/monokai.nvim/colors/monokai.vim:1
047.433  000.001  000.001: sourcing nvim_exec2() called at /home/solomon/.local/share/nvim/lazy/monokai.nvim/colors/monokai.vim:1
047.435  000.001  000.001: sourcing nvim_exec2() called at /home/solomon/.local/share/nvim/lazy/monokai.nvim/colors/monokai.vim:1
047.437  000.001  000.001: sourcing nvim_exec2() called at /home/solomon/.local/share/nvim/lazy/monokai.nvim/colors/monokai.vim:1
047.439  000.001  000.001: sourcing nvim_exec2() called at /home/solomon/.local/share/nvim/lazy/monokai.nvim/colors/monokai.vim:1
047.442  000.001  000.001: sourcing nvim_exec2() called at /home/solomon/.local/share/nvim/lazy/monokai.nvim/colors/monokai.vim:1
047.444  000.001  000.001: sourcing nvim_exec2() called at /home/solomon/.local/share/nvim/lazy/monokai.nvim/colors/monokai.vim:1
047.446  000.001  000.001: sourcing nvim_exec2() called at /home/solomon/.local/share/nvim/lazy/monokai.nvim/colors/monokai.vim:1
047.448  000.001  000.001: sourcing nvim_exec2() called at /home/solomon/.local/share/nvim/lazy/monokai.nvim/colors/monokai.vim:1
047.450  000.001  000.001: sourcing nvim_exec2() called at /home/solomon/.local/share/nvim/lazy/monokai.nvim/colors/monokai.vim:1
047.452  000.001  000.001: sourcing nvim_exec2() called at /home/solomon/.local/share/nvim/lazy/monokai.nvim/colors/monokai.vim:1
047.454  000.001  000.001: sourcing nvim_exec2() called at /home/solomon/.local/share/nvim/lazy/monokai.nvim/colors/monokai.vim:1
047.456  000.001  000.001: sourcing nvim_exec2() called at /home/solomon/.local/share/nvim/lazy/monokai.nvim/colors/monokai.vim:1
047.458  000.001  000.001: sourcing nvim_exec2() called at /home/solomon/.local/share/nvim/lazy/monokai.nvim/colors/monokai.vim:1
047.460  000.001  000.001: sourcing nvim_exec2() called at /home/solomon/.local/share/nvim/lazy/monokai.nvim/colors/monokai.vim:1
047.464  000.001  000.001: sourcing nvim_exec2() called at /home/solomon/.local/share/nvim/lazy/monokai.nvim/colors/monokai.vim:1
047.466  000.001  000.001: sourcing nvim_exec2() called at /home/solomon/.local/share/nvim/lazy/monokai.nvim/colors/monokai.vim:1
047.468  000.001  000.001: sourcing nvim_exec2() called at /home/solomon/.local/share/nvim/lazy/monokai.nvim/colors/monokai.vim:1
047.470  000.001  000.001: sourcing nvim_exec2() called at /home/solomon/.local/share/nvim/lazy/monokai.nvim/colors/monokai.vim:1
047.472  000.001  000.001: sourcing nvim_exec2() called at /home/solomon/.local/share/nvim/lazy/monokai.nvim/colors/monokai.vim:1
047.474  000.001  000.001: sourcing nvim_exec2() called at /home/solomon/.local/share/nvim/lazy/monokai.nvim/colors/monokai.vim:1
047.476  000.001  000.001: sourcing nvim_exec2() called at /home/solomon/.local/share/nvim/lazy/monokai.nvim/colors/monokai.vim:1
047.478  000.001  000.001: sourcing nvim_exec2() called at /home/solomon/.local/share/nvim/lazy/monokai.nvim/colors/monokai.vim:1
047.480  000.001  000.001: sourcing nvim_exec2() called at /home/solomon/.local/share/nvim/lazy/monokai.nvim/colors/monokai.vim:1
047.482  000.001  000.001: sourcing nvim_exec2() called at /home/solomon/.local/share/nvim/lazy/monokai.nvim/colors/monokai.vim:1
047.484  000.001  000.001: sourcing nvim_exec2() called at /home/solomon/.local/share/nvim/lazy/monokai.nvim/colors/monokai.vim:1
047.487  000.002  000.002: sourcing nvim_exec2() called at /home/solomon/.local/share/nvim/lazy/monokai.nvim/colors/monokai.vim:1
047.490  000.001  000.001: sourcing nvim_exec2() called at /home/solomon/.local/share/nvim/lazy/monokai.nvim/colors/monokai.vim:1
047.492  000.001  000.001: sourcing nvim_exec2() called at /home/solomon/.local/share/nvim/lazy/monokai.nvim/colors/monokai.vim:1
047.494  000.001  000.001: sourcing nvim_exec2() called at /home/solomon/.local/share/nvim/lazy/monokai.nvim/colors/monokai.vim:1
047.497  000.001  000.001: sourcing nvim_exec2() called at /home/solomon/.local/share/nvim/lazy/monokai.nvim/colors/monokai.vim:1
047.501  000.001  000.001: sourcing nvim_exec2() called at /home/solomon/.local/share/nvim/lazy/monokai.nvim/colors/monokai.vim:1
047.503  000.001  000.001: sourcing nvim_exec2() called at /home/solomon/.local/share/nvim/lazy/monokai.nvim/colors/monokai.vim:1
047.506  000.001  000.001: sourcing nvim_exec2() called at /home/solomon/.local/share/nvim/lazy/monokai.nvim/colors/monokai.vim:1
047.530  000.002  000.002: sourcing nvim_exec2() called at /home/solomon/.local/share/nvim/lazy/monokai.nvim/colors/monokai.vim:1
047.533  000.001  000.001: sourcing nvim_exec2() called at /home/solomon/.local/share/nvim/lazy/monokai.nvim/colors/monokai.vim:1
047.535  000.001  000.001: sourcing nvim_exec2() called at /home/solomon/.local/share/nvim/lazy/monokai.nvim/colors/monokai.vim:1
047.538  000.001  000.001: sourcing nvim_exec2() called at /home/solomon/.local/share/nvim/lazy/monokai.nvim/colors/monokai.vim:1
047.540  000.001  000.001: sourcing nvim_exec2() called at /home/solomon/.local/share/nvim/lazy/monokai.nvim/colors/monokai.vim:1
047.542  000.001  000.001: sourcing nvim_exec2() called at /home/solomon/.local/share/nvim/lazy/monokai.nvim/colors/monokai.vim:1
047.544  000.001  000.001: sourcing nvim_exec2() called at /home/solomon/.local/share/nvim/lazy/monokai.nvim/colors/monokai.vim:1
047.547  000.001  000.001: sourcing nvim_exec2() called at /home/solomon/.local/share/nvim/lazy/monokai.nvim/colors/monokai.vim:1
047.550  000.002  000.002: sourcing nvim_exec2() called at /home/solomon/.local/share/nvim/lazy/monokai.nvim/colors/monokai.vim:1
047.564  000.002  000.002: sourcing nvim_exec2() called at /home/solomon/.local/share/nvim/lazy/monokai.nvim/colors/monokai.vim:1
047.567  000.002  000.002: sourcing nvim_exec2() called at /home/solomon/.local/share/nvim/lazy/monokai.nvim/colors/monokai.vim:1
047.570  000.001  000.001: sourcing nvim_exec2() called at /home/solomon/.local/share/nvim/lazy/monokai.nvim/colors/monokai.vim:1
047.572  000.001  000.001: sourcing nvim_exec2() called at /home/solomon/.local/share/nvim/lazy/monokai.nvim/colors/monokai.vim:1
047.575  000.001  000.001: sourcing nvim_exec2() called at /home/solomon/.local/share/nvim/lazy/monokai.nvim/colors/monokai.vim:1
047.579  000.001  000.001: sourcing nvim_exec2() called at /home/solomon/.local/share/nvim/lazy/monokai.nvim/colors/monokai.vim:1
047.582  000.001  000.001: sourcing nvim_exec2() called at /home/solomon/.local/share/nvim/lazy/monokai.nvim/colors/monokai.vim:1
047.584  000.001  000.001: sourcing nvim_exec2() called at /home/solomon/.local/share/nvim/lazy/monokai.nvim/colors/monokai.vim:1
047.587  000.001  000.001: sourcing nvim_exec2() called at /home/solomon/.local/share/nvim/lazy/monokai.nvim/colors/monokai.vim:1
047.589  000.001  000.001: sourcing nvim_exec2() called at /home/solomon/.local/share/nvim/lazy/monokai.nvim/colors/monokai.vim:1
047.591  000.001  000.001: sourcing nvim_exec2() called at /home/solomon/.local/share/nvim/lazy/monokai.nvim/colors/monokai.vim:1
047.594  000.002  000.002: sourcing nvim_exec2() called at /home/solomon/.local/share/nvim/lazy/monokai.nvim/colors/monokai.vim:1
047.596  000.001  000.001: sourcing nvim_exec2() called at /home/solomon/.local/share/nvim/lazy/monokai.nvim/colors/monokai.vim:1
047.598  000.001  000.001: sourcing nvim_exec2() called at /home/solomon/.local/share/nvim/lazy/monokai.nvim/colors/monokai.vim:1
047.601  000.002  000.002: sourcing nvim_exec2() called at /home/solomon/.local/share/nvim/lazy/monokai.nvim/colors/monokai.vim:1
047.603  000.001  000.001: sourcing nvim_exec2() called at /home/solomon/.local/share/nvim/lazy/monokai.nvim/colors/monokai.vim:1
047.623  000.002  000.002: sourcing nvim_exec2() called at /home/solomon/.local/share/nvim/lazy/monokai.nvim/colors/monokai.vim:1
047.626  000.001  000.001: sourcing nvim_exec2() called at /home/solomon/.local/share/nvim/lazy/monokai.nvim/colors/monokai.vim:1
047.628  000.001  000.001: sourcing nvim_exec2() called at /home/solomon/.local/share/nvim/lazy/monokai.nvim/colors/monokai.vim:1
047.638  000.001  000.001: sourcing nvim_exec2() called at /home/solomon/.local/share/nvim/lazy/monokai.nvim/colors/monokai.vim:1
047.641  000.001  000.001: sourcing nvim_exec2() called at /home/solomon/.local/share/nvim/lazy/monokai.nvim/colors/monokai.vim:1
047.643  000.001  000.001: sourcing nvim_exec2() called at /home/solomon/.local/share/nvim/lazy/monokai.nvim/colors/monokai.vim:1
047.648  000.001  000.001: sourcing nvim_exec2() called at /home/solomon/.local/share/nvim/lazy/monokai.nvim/colors/monokai.vim:1
047.650  000.001  000.001: sourcing nvim_exec2() called at /home/solomon/.local/share/nvim/lazy/monokai.nvim/colors/monokai.vim:1
047.652  000.001  000.001: sourcing nvim_exec2() called at /home/solomon/.local/share/nvim/lazy/monokai.nvim/colors/monokai.vim:1
047.654  000.001  000.001: sourcing nvim_exec2() called at /home/solomon/.local/share/nvim/lazy/monokai.nvim/colors/monokai.vim:1
047.657  000.001  000.001: sourcing nvim_exec2() called at /home/solomon/.local/share/nvim/lazy/monokai.nvim/colors/monokai.vim:1
047.659  000.001  000.001: sourcing nvim_exec2() called at /home/solomon/.local/share/nvim/lazy/monokai.nvim/colors/monokai.vim:1
047.661  000.001  000.001: sourcing nvim_exec2() called at /home/solomon/.local/share/nvim/lazy/monokai.nvim/colors/monokai.vim:1
047.663  000.001  000.001: sourcing nvim_exec2() called at /home/solomon/.local/share/nvim/lazy/monokai.nvim/colors/monokai.vim:1
047.665  000.001  000.001: sourcing nvim_exec2() called at /home/solomon/.local/share/nvim/lazy/monokai.nvim/colors/monokai.vim:1
047.667  000.001  000.001: sourcing nvim_exec2() called at /home/solomon/.local/share/nvim/lazy/monokai.nvim/colors/monokai.vim:1
047.669  000.001  000.001: sourcing nvim_exec2() called at /home/solomon/.local/share/nvim/lazy/monokai.nvim/colors/monokai.vim:1
047.671  000.001  000.001: sourcing nvim_exec2() called at /home/solomon/.local/share/nvim/lazy/monokai.nvim/colors/monokai.vim:1
047.674  000.001  000.001: sourcing nvim_exec2() called at /home/solomon/.local/share/nvim/lazy/monokai.nvim/colors/monokai.vim:1
047.676  000.002  000.002: sourcing nvim_exec2() called at /home/solomon/.local/share/nvim/lazy/monokai.nvim/colors/monokai.vim:1
047.678  000.001  000.001: sourcing nvim_exec2() called at /home/solomon/.local/share/nvim/lazy/monokai.nvim/colors/monokai.vim:1
047.680  000.001  000.001: sourcing nvim_exec2() called at /home/solomon/.local/share/nvim/lazy/monokai.nvim/colors/monokai.vim:1
047.682  000.001  000.001: sourcing nvim_exec2() called at /home/solomon/.local/share/nvim/lazy/monokai.nvim/colors/monokai.vim:1
047.686  000.001  000.001: sourcing nvim_exec2() called at /home/solomon/.local/share/nvim/lazy/monokai.nvim/colors/monokai.vim:1
047.689  000.001  000.001: sourcing nvim_exec2() called at /home/solomon/.local/share/nvim/lazy/monokai.nvim/colors/monokai.vim:1
047.691  000.001  000.001: sourcing nvim_exec2() called at /home/solomon/.local/share/nvim/lazy/monokai.nvim/colors/monokai.vim:1
047.693  000.001  000.001: sourcing nvim_exec2() called at /home/solomon/.local/share/nvim/lazy/monokai.nvim/colors/monokai.vim:1
047.695  000.001  000.001: sourcing nvim_exec2() called at /home/solomon/.local/share/nvim/lazy/monokai.nvim/colors/monokai.vim:1
047.697  000.001  000.001: sourcing nvim_exec2() called at /home/solomon/.local/share/nvim/lazy/monokai.nvim/colors/monokai.vim:1
047.699  000.001  000.001: sourcing nvim_exec2() called at /home/solomon/.local/share/nvim/lazy/monokai.nvim/colors/monokai.vim:1
047.702  000.001  000.001: sourcing nvim_exec2() called at /home/solomon/.local/share/nvim/lazy/monokai.nvim/colors/monokai.vim:1
047.704  000.001  000.001: sourcing nvim_exec2() called at /home/solomon/.local/share/nvim/lazy/monokai.nvim/colors/monokai.vim:1
047.706  000.001  000.001: sourcing nvim_exec2() called at /home/solomon/.local/share/nvim/lazy/monokai.nvim/colors/monokai.vim:1
047.708  000.001  000.001: sourcing nvim_exec2() called at /home/solomon/.local/share/nvim/lazy/monokai.nvim/colors/monokai.vim:1
047.711  000.001  000.001: sourcing nvim_exec2() called at /home/solomon/.local/share/nvim/lazy/monokai.nvim/colors/monokai.vim:1
047.713  000.001  000.001: sourcing nvim_exec2() called at /home/solomon/.local/share/nvim/lazy/monokai.nvim/colors/monokai.vim:1
047.715  000.001  000.001: sourcing nvim_exec2() called at /home/solomon/.local/share/nvim/lazy/monokai.nvim/colors/monokai.vim:1
047.717  000.001  000.001: sourcing nvim_exec2() called at /home/solomon/.local/share/nvim/lazy/monokai.nvim/colors/monokai.vim:1
047.720  000.001  000.001: sourcing nvim_exec2() called at /home/solomon/.local/share/nvim/lazy/monokai.nvim/colors/monokai.vim:1
047.722  000.001  000.001: sourcing nvim_exec2() called at /home/solomon/.local/share/nvim/lazy/monokai.nvim/colors/monokai.vim:1
047.726  000.001  000.001: sourcing nvim_exec2() called at /home/solomon/.local/share/nvim/lazy/monokai.nvim/colors/monokai.vim:1
047.729  000.001  000.001: sourcing nvim_exec2() called at /home/solomon/.local/share/nvim/lazy/monokai.nvim/colors/monokai.vim:1
047.731  000.001  000.001: sourcing nvim_exec2() called at /home/solomon/.local/share/nvim/lazy/monokai.nvim/colors/monokai.vim:1
047.733  000.001  000.001: sourcing nvim_exec2() called at /home/solomon/.local/share/nvim/lazy/monokai.nvim/colors/monokai.vim:1
047.735  000.001  000.001: sourcing nvim_exec2() called at /home/solomon/.local/share/nvim/lazy/monokai.nvim/colors/monokai.vim:1
047.737  000.001  000.001: sourcing nvim_exec2() called at /home/solomon/.local/share/nvim/lazy/monokai.nvim/colors/monokai.vim:1
047.739  000.001  000.001: sourcing nvim_exec2() called at /home/solomon/.local/share/nvim/lazy/monokai.nvim/colors/monokai.vim:1
047.742  000.001  000.001: sourcing nvim_exec2() called at /home/solomon/.local/share/nvim/lazy/monokai.nvim/colors/monokai.vim:1
047.744  000.001  000.001: sourcing nvim_exec2() called at /home/solomon/.local/share/nvim/lazy/monokai.nvim/colors/monokai.vim:1
047.746  000.001  000.001: sourcing nvim_exec2() called at /home/solomon/.local/share/nvim/lazy/monokai.nvim/colors/monokai.vim:1
047.748  000.001  000.001: sourcing nvim_exec2() called at /home/solomon/.local/share/nvim/lazy/monokai.nvim/colors/monokai.vim:1
047.751  000.001  000.001: sourcing nvim_exec2() called at /home/solomon/.local/share/nvim/lazy/monokai.nvim/colors/monokai.vim:1
047.753  000.001  000.001: sourcing nvim_exec2() called at /home/solomon/.local/share/nvim/lazy/monokai.nvim/colors/monokai.vim:1
047.755  000.001  000.001: sourcing nvim_exec2() called at /home/solomon/.local/share/nvim/lazy/monokai.nvim/colors/monokai.vim:1
047.757  000.001  000.001: sourcing nvim_exec2() called at /home/solomon/.local/share/nvim/lazy/monokai.nvim/colors/monokai.vim:1
047.759  000.001  000.001: sourcing nvim_exec2() called at /home/solomon/.local/share/nvim/lazy/monokai.nvim/colors/monokai.vim:1
047.763  000.001  000.001: sourcing nvim_exec2() called at /home/solomon/.local/share/nvim/lazy/monokai.nvim/colors/monokai.vim:1
047.765  000.001  000.001: sourcing nvim_exec2() called at /home/solomon/.local/share/nvim/lazy/monokai.nvim/colors/monokai.vim:1
047.767  000.001  000.001: sourcing nvim_exec2() called at /home/solomon/.local/share/nvim/lazy/monokai.nvim/colors/monokai.vim:1
047.769  000.001  000.001: sourcing nvim_exec2() called at /home/solomon/.local/share/nvim/lazy/monokai.nvim/colors/monokai.vim:1
047.772  000.002  000.002: sourcing nvim_exec2() called at /home/solomon/.local/share/nvim/lazy/monokai.nvim/colors/monokai.vim:1
047.774  000.001  000.001: sourcing nvim_exec2() called at /home/solomon/.local/share/nvim/lazy/monokai.nvim/colors/monokai.vim:1
047.776  000.001  000.001: sourcing nvim_exec2() called at /home/solomon/.local/share/nvim/lazy/monokai.nvim/colors/monokai.vim:1
047.778  000.001  000.001: sourcing nvim_exec2() called at /home/solomon/.local/share/nvim/lazy/monokai.nvim/colors/monokai.vim:1
047.780  000.001  000.001: sourcing nvim_exec2() called at /home/solomon/.local/share/nvim/lazy/monokai.nvim/colors/monokai.vim:1
047.782  000.001  000.001: sourcing nvim_exec2() called at /home/solomon/.local/share/nvim/lazy/monokai.nvim/colors/monokai.vim:1
047.791  000.001  000.001: sourcing nvim_exec2() called at /home/solomon/.local/share/nvim/lazy/monokai.nvim/colors/monokai.vim:1
047.793  000.001  000.001: sourcing nvim_exec2() called at /home/solomon/.local/share/nvim/lazy/monokai.nvim/colors/monokai.vim:1
047.795  000.001  000.001: sourcing nvim_exec2() called at /home/solomon/.local/share/nvim/lazy/monokai.nvim/colors/monokai.vim:1
047.797  000.001  000.001: sourcing nvim_exec2() called at /home/solomon/.local/share/nvim/lazy/monokai.nvim/colors/monokai.vim:1
047.800  000.001  000.001: sourcing nvim_exec2() called at /home/solomon/.local/share/nvim/lazy/monokai.nvim/colors/monokai.vim:1
047.802  000.001  000.001: sourcing nvim_exec2() called at /home/solomon/.local/share/nvim/lazy/monokai.nvim/colors/monokai.vim:1
047.804  000.001  000.001: sourcing nvim_exec2() called at /home/solomon/.local/share/nvim/lazy/monokai.nvim/colors/monokai.vim:1
047.808  000.001  000.001: sourcing nvim_exec2() called at /home/solomon/.local/share/nvim/lazy/monokai.nvim/colors/monokai.vim:1
047.810  000.001  000.001: sourcing nvim_exec2() called at /home/solomon/.local/share/nvim/lazy/monokai.nvim/colors/monokai.vim:1
047.813  000.001  000.001: sourcing nvim_exec2() called at /home/solomon/.local/share/nvim/lazy/monokai.nvim/colors/monokai.vim:1
047.815  000.001  000.001: sourcing nvim_exec2() called at /home/solomon/.local/share/nvim/lazy/monokai.nvim/colors/monokai.vim:1
047.817  000.001  000.001: sourcing nvim_exec2() called at /home/solomon/.local/share/nvim/lazy/monokai.nvim/colors/monokai.vim:1
047.819  001.483  000.878: sourcing /home/solomon/.local/share/nvim/lazy/monokai.nvim/colors/monokai.vim
047.920  002.167  000.684: sourcing nvim_exec2() called at /home/solomon/.config/nvim/init.lua:0
047.974  000.002  000.002: sourcing nvim_exec2() called at /home/solomon/.config/nvim/init.lua:0
047.980  000.001  000.001: sourcing nvim_exec2() called at /home/solomon/.config/nvim/init.lua:0
048.227  000.236  000.236: require('modicator')
048.263  000.031  000.031: require('modicator.backup')
048.347  000.083  000.083: require('modicator.utils')
048.441  000.003  000.003: sourcing nvim_exec2() called at /home/solomon/.config/nvim/init.lua:0
048.449  000.001  000.001: sourcing nvim_exec2() called at /home/solomon/.config/nvim/init.lua:0
048.750  000.046  000.046: require('lualine_require')
048.950  000.499  000.453: require('lualine')
049.232  000.008  000.008: sourcing nvim_exec2() called at /home/solomon/.config/nvim/init.lua:0
049.732  000.004  000.004: sourcing nvim_exec2() called at /home/solomon/.config/nvim/init.lua:0
049.741  000.002  000.002: sourcing nvim_exec2() called at /home/solomon/.config/nvim/init.lua:0
049.749  000.002  000.002: sourcing nvim_exec2() called at /home/solomon/.config/nvim/init.lua:0
049.754  000.002  000.002: sourcing nvim_exec2() called at /home/solomon/.config/nvim/init.lua:0
049.760  000.001  000.001: sourcing nvim_exec2() called at /home/solomon/.config/nvim/init.lua:0
049.765  000.001  000.001: sourcing nvim_exec2() called at /home/solomon/.config/nvim/init.lua:0
049.769  000.001  000.001: sourcing nvim_exec2() called at /home/solomon/.config/nvim/init.lua:0
049.776  000.001  000.001: sourcing nvim_exec2() called at /home/solomon/.config/nvim/init.lua:0
049.780  000.002  000.002: sourcing nvim_exec2() called at /home/solomon/.config/nvim/init.lua:0
049.864  000.002  000.002: sourcing nvim_exec2() called at /home/solomon/.config/nvim/init.lua:0
049.869  000.001  000.001: sourcing nvim_exec2() called at /home/solomon/.config/nvim/init.lua:0
049.877  000.002  000.002: sourcing nvim_exec2() called at /home/solomon/.config/nvim/init.lua:0
049.881  000.001  000.001: sourcing nvim_exec2() called at /home/solomon/.config/nvim/init.lua:0
049.887  000.002  000.002: sourcing nvim_exec2() called at /home/solomon/.config/nvim/init.lua:0
049.891  000.001  000.001: sourcing nvim_exec2() called at /home/solomon/.config/nvim/init.lua:0
049.894  000.001  000.001: sourcing nvim_exec2() called at /home/solomon/.config/nvim/init.lua:0
049.900  000.001  000.001: sourcing nvim_exec2() called at /home/solomon/.config/nvim/init.lua:0
049.905  000.002  000.002: sourcing nvim_exec2() called at /home/solomon/.config/nvim/init.lua:0
049.908  000.001  000.001: sourcing nvim_exec2() called at /home/solomon/.config/nvim/init.lua:0
049.918  000.007  000.007: sourcing nvim_exec2() called at /home/solomon/.config/nvim/init.lua:0
050.496  000.006  000.006: sourcing nvim_exec2() called at /home/solomon/.config/nvim/init.lua:0
050.506  000.003  000.003: sourcing nvim_exec2() called at /home/solomon/.config/nvim/init.lua:0
050.765  000.005  000.005: sourcing nvim_exec2() called at /home/solomon/.config/nvim/init.lua:0
050.775  000.002  000.002: sourcing nvim_exec2() called at /home/solomon/.config/nvim/init.lua:0
050.779  000.001  000.001: sourcing nvim_exec2() called at /home/solomon/.config/nvim/init.lua:0
050.784  000.001  000.001: sourcing nvim_exec2() called at /home/solomon/.config/nvim/init.lua:0
050.793  000.001  000.001: sourcing nvim_exec2() called at /home/solomon/.config/nvim/init.lua:0
050.798  000.001  000.001: sourcing nvim_exec2() called at /home/solomon/.config/nvim/init.lua:0
050.804  000.002  000.002: sourcing nvim_exec2() called at /home/solomon/.config/nvim/init.lua:0
050.811  000.002  000.002: sourcing nvim_exec2() called at /home/solomon/.config/nvim/init.lua:0
050.818  000.002  000.002: sourcing nvim_exec2() called at /home/solomon/.config/nvim/init.lua:0
050.822  000.001  000.001: sourcing nvim_exec2() called at /home/solomon/.config/nvim/init.lua:0
050.826  000.001  000.001: sourcing nvim_exec2() called at /home/solomon/.config/nvim/init.lua:0
050.832  000.001  000.001: sourcing nvim_exec2() called at /home/solomon/.config/nvim/init.lua:0
050.836  000.001  000.001: sourcing nvim_exec2() called at /home/solomon/.config/nvim/init.lua:0
050.841  000.002  000.002: sourcing nvim_exec2() called at /home/solomon/.config/nvim/init.lua:0
050.866  000.002  000.002: sourcing nvim_exec2() called at /home/solomon/.config/nvim/init.lua:0
050.873  000.001  000.001: sourcing nvim_exec2() called at /home/solomon/.config/nvim/init.lua:0
050.877  000.001  000.001: sourcing nvim_exec2() called at /home/solomon/.config/nvim/init.lua:0
050.881  000.001  000.001: sourcing nvim_exec2() called at /home/solomon/.config/nvim/init.lua:0
050.887  000.001  000.001: sourcing nvim_exec2() called at /home/solomon/.config/nvim/init.lua:0
050.891  000.001  000.001: sourcing nvim_exec2() called at /home/solomon/.config/nvim/init.lua:0
050.897  000.001  000.001: sourcing nvim_exec2() called at /home/solomon/.config/nvim/init.lua:0
050.996  000.006  000.006: sourcing nvim_exec2() called at /home/solomon/.config/nvim/init.lua:0
051.001  000.002  000.002: sourcing nvim_exec2() called at /home/solomon/.config/nvim/init.lua:0
051.004  000.002  000.002: sourcing nvim_exec2() called at /home/solomon/.config/nvim/init.lua:0
051.008  000.002  000.002: sourcing nvim_exec2() called at /home/solomon/.config/nvim/init.lua:0
052.657  000.021  000.021: sourcing nvim_exec2() called at /home/solomon/.config/nvim/init.lua:0
052.670  000.002  000.002: sourcing nvim_exec2() called at /home/solomon/.config/nvim/init.lua:0
052.679  000.002  000.002: sourcing nvim_exec2() called at /home/solomon/.config/nvim/init.lua:0
052.685  000.001  000.001: sourcing nvim_exec2() called at /home/solomon/.config/nvim/init.lua:0
052.691  000.001  000.001: sourcing nvim_exec2() called at /home/solomon/.config/nvim/init.lua:0
052.698  000.002  000.002: sourcing nvim_exec2() called at /home/solomon/.config/nvim/init.lua:0
052.705  000.002  000.002: sourcing nvim_exec2() called at /home/solomon/.config/nvim/init.lua:0
052.724  000.002  000.002: sourcing nvim_exec2() called at /home/solomon/.config/nvim/init.lua:0
052.771  000.045  000.045: sourcing nvim_exec2() called at /home/solomon/.config/nvim/init.lua:0
052.779  000.001  000.001: sourcing nvim_exec2() called at /home/solomon/.config/nvim/init.lua:0
052.783  000.001  000.001: sourcing nvim_exec2() called at /home/solomon/.config/nvim/init.lua:0
052.788  000.003  000.003: sourcing nvim_exec2() called at /home/solomon/.config/nvim/init.lua:0
052.808  000.002  000.002: sourcing nvim_exec2() called at /home/solomon/.config/nvim/init.lua:0
052.813  000.002  000.002: sourcing nvim_exec2() called at /home/solomon/.config/nvim/init.lua:0
052.822  000.002  000.002: sourcing nvim_exec2() called at /home/solomon/.config/nvim/init.lua:0
052.826  000.001  000.001: sourcing nvim_exec2() called at /home/solomon/.config/nvim/init.lua:0
052.830  000.001  000.001: sourcing nvim_exec2() called at /home/solomon/.config/nvim/init.lua:0
052.836  000.001  000.001: sourcing nvim_exec2() called at /home/solomon/.config/nvim/init.lua:0
052.840  000.001  000.001: sourcing nvim_exec2() called at /home/solomon/.config/nvim/init.lua:0
052.846  000.001  000.001: sourcing nvim_exec2() called at /home/solomon/.config/nvim/init.lua:0
052.849  000.001  000.001: sourcing nvim_exec2() called at /home/solomon/.config/nvim/init.lua:0
052.857  000.001  000.001: sourcing nvim_exec2() called at /home/solomon/.config/nvim/init.lua:0
052.860  000.001  000.001: sourcing nvim_exec2() called at /home/solomon/.config/nvim/init.lua:0
052.880  000.001  000.001: sourcing nvim_exec2() called at /home/solomon/.config/nvim/init.lua:0
052.887  000.001  000.001: sourcing nvim_exec2() called at /home/solomon/.config/nvim/init.lua:0
052.893  000.001  000.001: sourcing nvim_exec2() called at /home/solomon/.config/nvim/init.lua:0
052.898  000.003  000.003: sourcing nvim_exec2() called at /home/solomon/.config/nvim/init.lua:0
052.904  000.002  000.002: sourcing nvim_exec2() called at /home/solomon/.config/nvim/init.lua:0
053.001  000.052  000.052: require('lualine.utils.mode')
053.486  000.009  000.009: sourcing nvim_exec2() called at /home/solomon/.config/nvim/init.lua:0
053.521  000.007  000.007: sourcing nvim_exec2() called at /home/solomon/.config/nvim/init.lua:0
053.544  000.020  000.020: sourcing nvim_exec2() called at /home/solomon/.config/nvim/init.lua:0
053.568  000.004  000.004: sourcing nvim_exec2() called at /home/solomon/.config/nvim/init.lua:0
053.573  000.003  000.003: sourcing nvim_exec2() called at /home/solomon/.config/nvim/init.lua:0
053.597  005.245  004.441: require('lualine')
053.654  000.055  000.055: require('modicator.integration.lualine')
055.464  000.034  000.034: sourcing /home/solomon/.local/share/nvim/lazy/vimtex/plugin/vimtex.vim
055.468  000.063  000.028: sourcing nvim_exec2() called at /home/solomon/.config/nvim/init.lua:0
055.475  000.001  000.001: sourcing nvim_exec2() called at /home/solomon/.config/nvim/init.lua:0
055.535  000.017  000.017: sourcing /home/solomon/.local/share/nvim/lazy/vimtex/ftdetect/cls.vim
055.539  000.041  000.023: sourcing nvim_exec2() called at /home/solomon/.config/nvim/init.lua:0
055.585  000.016  000.016: sourcing /home/solomon/.local/share/nvim/lazy/vimtex/ftdetect/tex.vim
055.593  000.049  000.033: sourcing nvim_exec2() called at /home/solomon/.config/nvim/init.lua:0
055.640  000.019  000.019: sourcing /home/solomon/.local/share/nvim/lazy/vimtex/ftdetect/tikz.vim
055.642  000.045  000.025: sourcing nvim_exec2() called at /home/solomon/.config/nvim/init.lua:0
055.646  000.001  000.001: sourcing nvim_exec2() called at /home/solomon/.config/nvim/init.lua:0
056.146  000.002  000.002: sourcing nvim_exec2() called at /home/solomon/.config/nvim/init.lua:0
056.153  000.001  000.001: sourcing nvim_exec2() called at /home/solomon/.config/nvim/init.lua:0
056.641  000.063  000.063: require('plenary.strings')
056.679  000.035  000.035: require('data-viewer.config')
056.681  000.141  000.042: require('data-viewer.utils')
056.682  000.170  000.030: require('data-viewer.parser.csv')
056.714  000.031  000.031: require('data-viewer.parser.tsv')
056.773  000.028  000.028: require('sqlite')
056.775  000.060  000.031: require('data-viewer.parser.sqlite')
056.776  000.291  000.030: require('data-viewer.parser.parsers')
056.778  000.339  000.048: require('data-viewer.module')
056.782  000.553  000.213: require('data-viewer')
056.799  000.606  000.054: sourcing /home/solomon/.local/share/nvim/lazy/data-viewer.nvim/plugin/data-viewer.lua
056.802  000.630  000.024: sourcing nvim_exec2() called at /home/solomon/.config/nvim/init.lua:0
056.807  000.002  000.002: sourcing nvim_exec2() called at /home/solomon/.config/nvim/init.lua:0
056.815  000.001  000.001: sourcing nvim_exec2() called at /home/solomon/.config/nvim/init.lua:0
056.920  000.002  000.002: sourcing nvim_exec2() called at /home/solomon/.config/nvim/init.lua:0
056.930  000.001  000.001: sourcing nvim_exec2() called at /home/solomon/.config/nvim/init.lua:0
057.310  000.058  000.058: sourcing /home/solomon/.local/share/nvim/lazy/nvim-peekup/plugin/nvim-peekup.vim
057.313  000.083  000.025: sourcing nvim_exec2() called at /home/solomon/.config/nvim/init.lua:0
057.318  000.001  000.001: sourcing nvim_exec2() called at /home/solomon/.config/nvim/init.lua:0
057.326  000.001  000.001: sourcing nvim_exec2() called at /home/solomon/.config/nvim/init.lua:0
057.768  000.002  000.002: sourcing nvim_exec2() called at /home/solomon/.config/nvim/init.lua:0
057.777  000.001  000.001: sourcing nvim_exec2() called at /home/solomon/.config/nvim/init.lua:0
058.870  000.788  000.788: require('render-markdown.settings')
058.895  001.047  000.259: require('render-markdown')
059.042  000.144  000.144: require('render-markdown.lib.presets')
059.377  000.103  000.103: require('render-markdown.lib.compat')
059.519  000.139  000.139: require('render-markdown.lib.env')
059.917  000.083  000.083: require('render-markdown.lib.interval')
059.979  000.059  000.059: require('render-markdown.lib.str')
059.991  000.295  000.154: require('render-markdown.lib.line')
060.063  000.071  000.071: require('render-markdown.lib.resolved')
060.119  000.054  000.054: require('render-markdown.lib.iter')
060.121  000.502  000.082: require('render-markdown.lib.config')
060.125  000.591  000.089: require('render-markdown.state')
060.187  000.057  000.057: require('render-markdown.core.ts')
060.358  000.081  000.081: require('render-markdown.request.context')
060.447  000.088  000.088: require('render-markdown.core.log')
060.459  000.271  000.102: require('render-markdown.core.ui')
060.587  000.125  000.125: require('render-markdown.core.colors')
060.856  000.089  000.089: require('render-markdown.api')
060.861  000.158  000.069: require('render-markdown.core.command')
061.017  000.124  000.124: require('render-markdown.core.manager')
061.108  003.291  000.532: sourcing /home/solomon/.local/share/nvim/lazy/render-markdown.nvim/plugin/render-markdown.lua
061.113  003.318  000.026: sourcing nvim_exec2() called at /home/solomon/.config/nvim/init.lua:0
061.121  000.004  000.004: sourcing nvim_exec2() called at /home/solomon/.config/nvim/init.lua:0
061.132  000.001  000.001: sourcing nvim_exec2() called at /home/solomon/.config/nvim/init.lua:0
061.216  000.001  000.001: sourcing nvim_exec2() called at /home/solomon/.config/nvim/init.lua:0
061.227  000.001  000.001: sourcing nvim_exec2() called at /home/solomon/.config/nvim/init.lua:0
061.495  000.184  000.184: require('telescope._extensions')
061.502  000.274  000.090: require('telescope')
061.654  000.149  000.149: require('telescope.themes')
062.204  000.283  000.283: require('telescope.deprecated')
062.917  000.272  000.272: require('plenary.log')
063.020  000.581  000.309: require('telescope.log')
063.583  000.135  000.135: require('plenary.compat')
063.598  000.370  000.235: require('plenary.job')
063.668  000.069  000.069: require('telescope.state')
063.694  000.673  000.234: require('telescope.utils')
063.704  001.498  000.244: require('telescope.sorters')
066.884  005.208  003.427: require('telescope.config')
067.994  000.318  000.318: require('telescope._extensions.ui-select')
068.667  000.074  000.074: require('plenary.tbl')
068.672  000.126  000.052: require('plenary.vararg.rotate')
068.673  000.173  000.047: require('plenary.vararg')
068.716  000.043  000.043: require('plenary.errors')
068.721  000.282  000.066: require('plenary.async.async')
069.119  000.242  000.242: require('plenary.async.structs')
069.130  000.303  000.061: require('plenary.async.control')
069.137  000.369  000.066: require('plenary.async.util')
069.168  000.446  000.076: require('plenary.async.tests')
069.170  000.964  000.237: require('plenary.async')
069.464  000.181  000.181: require('plenary.window.border')
069.545  000.080  000.080: require('plenary.window')
069.604  000.058  000.058: require('plenary.popup.utils')
069.609  000.438  000.119: require('plenary.popup')
070.946  001.144  001.144: require('telescope.pickers.scroller')
071.159  000.212  000.212: require('telescope.actions.state')
071.514  000.354  000.354: require('telescope.actions.utils')
071.913  000.292  000.292: require('telescope.actions.mt')
071.980  000.464  000.173: require('telescope.actions.set')
072.165  000.049  000.049: require('telescope.config.resolve')
072.170  000.190  000.140: require('telescope.pickers.entry_display')
072.229  000.056  000.056: require('telescope.from_entry')
072.402  002.793  000.373: require('telescope.actions')
072.449  000.046  000.046: require('telescope.debounce')
072.505  000.055  000.055: require('telescope.mappings')
072.542  000.036  000.036: require('telescope.pickers.highlights')
072.578  000.034  000.034: require('telescope.pickers.window')
072.660  000.042  000.042: require('telescope.algos.linked_list')
072.663  000.084  000.042: require('telescope.entry_manager')
072.700  000.037  000.037: require('telescope.pickers.multi')
072.711  004.711  000.227: require('telescope.pickers')
072.902  000.136  000.136: require('telescope.make_entry')
072.942  000.038  000.038: require('telescope.finders.async_static_finder')
073.062  000.032  000.032: require('plenary.class')
073.092  000.112  000.080: require('telescope._')
073.094  000.151  000.039: require('telescope.finders.async_oneshot_finder')
073.134  000.038  000.038: require('telescope.finders.async_job_finder')
073.137  000.426  000.061: require('telescope.finders')
073.183  000.037  000.037: require('vim.ui')
073.275  000.013  000.013: sourcing nvim_exec2() called at /home/solomon/.config/nvim/init.lua:0
073.284  000.001  000.001: sourcing nvim_exec2() called at /home/solomon/.config/nvim/init.lua:0
073.599  000.044  000.044: require('numb.log')
073.603  000.314  000.270: require('numb')
073.704  000.002  000.002: sourcing nvim_exec2() called at /home/solomon/.config/nvim/init.lua:0
073.711  000.001  000.001: sourcing nvim_exec2() called at /home/solomon/.config/nvim/init.lua:0
074.069  000.035  000.035: require('hlargs.config')
074.114  000.043  000.043: require('hlargs.util')
074.120  000.122  000.044: require('hlargs.parse')
074.204  000.025  000.025: require('hlargs.colorpalette')
074.206  000.053  000.028: require('hlargs.paint')
074.210  000.088  000.035: require('hlargs.bufdata')
074.236  000.025  000.025: require('hlargs.async')
074.240  000.288  000.052: require('hlargs.events')
074.241  000.527  000.239: require('hlargs')
074.305  000.002  000.002: sourcing nvim_exec2() called at /home/solomon/.config/nvim/init.lua:0
074.312  000.001  000.001: sourcing nvim_exec2() called at /home/solomon/.config/nvim/init.lua:0
074.616  000.030  000.030: require('mason-core.path')
074.727  000.033  000.033: require('mason-core.functional.data')
074.763  000.034  000.034: require('mason-core.functional.function')
074.824  000.042  000.042: require('mason-core.functional.list')
074.883  000.032  000.032: require('mason-core.functional.relation')
074.913  000.028  000.028: require('mason-core.functional.logic')
074.955  000.040  000.040: require('mason-core.functional.number')
074.997  000.036  000.036: require('mason-core.functional.string')
075.028  000.028  000.028: require('mason-core.functional.table')
075.058  000.028  000.028: require('mason-core.functional.type')
075.060  000.402  000.101: require('mason-core.functional')
075.083  000.465  000.063: require('mason-core.platform')
075.151  000.067  000.067: require('mason.settings')
075.155  000.603  000.040: require('mason-core.installer.InstallLocation')
075.260  000.046  000.046: require('mason-core.log')
075.262  000.072  000.026: require('mason-core.EventEmitter')
075.301  000.037  000.037: require('mason-registry.sources')
075.304  000.148  000.039: require('mason-registry')
075.305  000.991  000.240: require('mason')
075.434  000.086  000.086: require('mason.api.command')
076.037  000.380  000.380: require('lspconfig.util')
076.052  000.500  000.120: sourcing /home/solomon/.local/share/nvim/lazy/nvim-lspconfig/plugin/lspconfig.lua
076.056  000.547  000.047: sourcing nvim_exec2() called at /home/solomon/.config/nvim/init.lua:0
076.061  000.002  000.002: sourcing nvim_exec2() called at /home/solomon/.config/nvim/init.lua:0
076.069  000.001  000.001: sourcing nvim_exec2() called at /home/solomon/.config/nvim/init.lua:0
076.158  000.048  000.048: require('cmp_nvim_lsp.source')
076.160  000.088  000.040: require('cmp_nvim_lsp')
076.820  000.035  000.035: sourcing /home/solomon/.local/share/nvim/lazy/nvim-web-devicons/plugin/nvim-web-devicons.vim
076.824  000.062  000.027: sourcing nvim_exec2() called at /home/solomon/.config/nvim/init.lua:0
076.828  000.001  000.001: sourcing nvim_exec2() called at /home/solomon/.config/nvim/init.lua:0
076.835  000.001  000.001: sourcing nvim_exec2() called at /home/solomon/.config/nvim/init.lua:0
077.126  000.002  000.002: sourcing nvim_exec2() called at /home/solomon/.config/nvim/init.lua:0
077.133  000.001  000.001: sourcing nvim_exec2() called at /home/solomon/.config/nvim/init.lua:0
077.369  000.001  000.001: sourcing nvim_exec2() called at /home/solomon/.config/nvim/init.lua:0
077.376  000.001  000.001: sourcing nvim_exec2() called at /home/solomon/.config/nvim/init.lua:0
077.715  000.024  000.024: require('window-picker.util')
077.718  000.059  000.034: require('window-picker.filters.default-window-filter')
077.745  000.026  000.026: require('window-picker.pickers.window-picker')
077.805  000.027  000.027: require('window-picker.hints.statusline-hint')
077.809  000.063  000.036: require('window-picker.hints.statusline-winbar-hint')
077.836  000.026  000.026: require('window-picker.configurer')
077.837  000.207  000.033: require('window-picker.builder')
077.865  000.027  000.027: require('window-picker.config')
077.866  000.488  000.254: require('window-picker')
078.005  000.080  000.080: sourcing /home/solomon/.local/share/nvim/lazy/neo-tree.nvim/plugin/neo-tree.lua
078.009  000.105  000.025: sourcing nvim_exec2() called at /home/solomon/.config/nvim/init.lua:0
078.015  000.002  000.002: sourcing nvim_exec2() called at /home/solomon/.config/nvim/init.lua:0
078.022  000.001  000.001: sourcing nvim_exec2() called at /home/solomon/.config/nvim/init.lua:0
078.073  000.037  000.037: require('neo-tree')
078.141  000.059  000.059: require('neo-tree.log')
078.163  000.004  000.004: sourcing nvim_exec2() called at /home/solomon/.config/nvim/init.lua:0
078.195  000.001  000.001: sourcing nvim_exec2() called at /home/solomon/.config/nvim/init.lua:0
078.201  000.001  000.001: sourcing nvim_exec2() called at /home/solomon/.config/nvim/init.lua:0
078.518  000.029  000.029: require('mason-lspconfig.settings')
078.520  000.306  000.277: require('mason-lspconfig')
078.565  000.041  000.041: require('mason-core.async')
078.635  000.030  000.030: require('mason-core.async.control')
078.665  000.030  000.030: require('mason-core.result')
078.718  000.022  000.022: require('mason-core.async.uv')
078.722  000.055  000.034: require('mason-core.fs')
078.731  000.165  000.050: require('mason-registry.installer')
078.832  000.029  000.029: require('mason-core.optional')
078.946  000.057  000.057: require('mason-core.process')
078.984  000.037  000.037: require('mason-core.spawn')
078.986  000.122  000.029: require('mason-core.installer.managers.powershell')
079.011  000.024  000.024: require('mason.version')
079.013  000.179  000.033: require('mason-core.fetch')
079.038  000.024  000.024: require('mason-core.providers')
079.191  000.058  000.058: require('mason-core.purl')
079.196  000.093  000.036: require('mason-core.package.AbstractPackage')
079.341  000.031  000.031: require('mason-core.installer.compiler.expr')
079.346  000.072  000.041: require('mason-core.installer.compiler.link')
079.506  000.026  000.026: require('mason-core.installer.context.InstallContextCwd')
079.558  000.035  000.035: require('mason-core.installer.context.InstallContextFs')
079.589  000.030  000.030: require('mason-core.installer.context.InstallContextSpawn')
079.629  000.038  000.038: require('mason-core.receipt')
079.642  000.203  000.074: require('mason-core.installer.context')
079.643  000.230  000.027: require('mason-core.installer')
079.659  000.287  000.057: require('mason-core.installer.managers.std')
079.660  000.314  000.027: require('mason-core.installer.compiler.schemas')
079.695  000.033  000.033: require('mason-core.installer.compiler.util')
079.703  000.467  000.047: require('mason-core.installer.compiler')
079.745  000.041  000.041: require('mason-core.installer.linker')
079.748  000.552  000.044: require('mason-core.installer.InstallRunner')
079.778  000.029  000.029: require('mason-core.installer.UninstallRunner')
079.782  000.717  000.043: require('mason-core.package')
079.784  000.745  000.028: require('mason-registry.sources.util')
079.788  001.023  000.046: require('mason-registry.sources.github')
079.889  000.029  000.029: require('mason-lspconfig.mappings')
079.892  000.059  000.030: require('mason-lspconfig.features.automatic_enable')
085.229  000.058  000.058: require('mason-lspconfig.notify')
085.249  000.146  000.088: require('mason-lspconfig.api.command')
085.621  000.003  000.003: sourcing nvim_exec2() called at /home/solomon/.config/nvim/init.lua:0
085.631  000.001  000.001: sourcing nvim_exec2() called at /home/solomon/.config/nvim/init.lua:0
085.640  000.001  000.001: sourcing nvim_exec2() called at /home/solomon/.config/nvim/init.lua:0
085.648  000.001  000.001: sourcing nvim_exec2() called at /home/solomon/.config/nvim/init.lua:0
086.085  000.111  000.111: require('nvim-navic.lib')
086.093  000.440  000.329: require('nvim-navic')
086.163  000.066  000.066: require('breadcrumbs')
086.952  000.339  000.339: require('gitsigns')
087.229  000.253  000.253: require('gitsigns.highlight')
087.322  000.082  000.082: require('gitsigns.debug.log')
087.531  000.207  000.207: require('gitsigns.config')
087.970  000.061  000.061: require('gitsigns.debounce')
087.981  001.418  000.476: sourcing /home/solomon/.local/share/nvim/lazy/gitsigns.nvim/plugin/gitsigns.lua
087.985  001.444  000.027: sourcing nvim_exec2() called at /home/solomon/.config/nvim/init.lua:0
087.991  000.002  000.002: sourcing nvim_exec2() called at /home/solomon/.config/nvim/init.lua:0
088.001  000.001  000.001: sourcing nvim_exec2() called at /home/solomon/.config/nvim/init.lua:0
088.089  000.041  000.041: sourcing /home/solomon/.local/share/nvim/lazy/barbar.nvim/plugin/barbar.lua
088.092  000.066  000.024: sourcing nvim_exec2() called at /home/solomon/.config/nvim/init.lua:0
088.096  000.001  000.001: sourcing nvim_exec2() called at /home/solomon/.config/nvim/init.lua:0
088.104  000.001  000.001: sourcing nvim_exec2() called at /home/solomon/.config/nvim/init.lua:0
088.548  000.092  000.092: require('barbar.animate')
088.826  000.080  000.080: require('barbar.fs')
089.054  000.077  000.077: require('barbar.utils.table')
089.102  000.046  000.046: require('barbar.utils')
089.111  000.223  000.100: require('barbar.config')
089.150  000.038  000.038: require('barbar.utils.list')
089.186  000.359  000.098: require('barbar.buffer')
089.381  000.065  000.065: require('barbar.utils.highlight')
089.583  000.104  000.104: require('nvim-web-devicons.filetypes')
090.014  000.360  000.360: require('nvim-web-devicons.default.icons_by_filename')
090.725  000.709  000.709: require('nvim-web-devicons.default.icons_by_file_extension')
090.874  000.147  000.147: require('nvim-web-devicons.default.icons_by_operating_system')
090.927  000.052  000.052: require('nvim-web-devicons.default.icons_by_desktop_environment')
091.068  000.140  000.140: require('nvim-web-devicons.default.icons_by_window_manager')
091.070  001.459  000.050: require('nvim-web-devicons.icons-default')
091.262  001.880  000.318: require('nvim-web-devicons')
091.274  002.019  000.074: require('barbar.icons')
091.287  002.099  000.081: require('barbar.ui.layout')
091.375  000.087  000.087: require('barbar.constants')
091.388  002.749  000.124: require('barbar.state')
091.392  002.842  000.093: require('barbar.bbye')
091.433  000.040  000.040: require('barbar.jump_mode')
091.592  000.073  000.073: require('barbar.ui.nodes')
091.601  000.166  000.093: require('barbar.ui.render')
091.631  003.390  000.250: require('barbar.api')
092.000  000.272  000.272: require('barbar.highlight')
092.011  000.379  000.106: require('barbar.events')
092.014  003.893  000.124: require('barbar')
095.548  000.051  000.051: sourcing /usr/share/nvim/runtime/plugin/editorconfig.lua
095.552  000.075  000.024: sourcing nvim_exec2() called at /home/solomon/.config/nvim/init.lua:0
095.684  000.111  000.111: sourcing /usr/share/nvim/runtime/plugin/gzip.vim
095.687  000.130  000.019: sourcing nvim_exec2() called at /home/solomon/.config/nvim/init.lua:0
095.767  000.058  000.058: sourcing /usr/share/nvim/runtime/plugin/man.lua
095.770  000.078  000.020: sourcing nvim_exec2() called at /home/solomon/.config/nvim/init.lua:0
096.470  000.128  000.128: sourcing /usr/share/nvim/runtime/pack/dist/opt/matchit/plugin/matchit.vim
096.482  000.685  000.557: sourcing /usr/share/nvim/runtime/plugin/matchit.vim
096.485  000.707  000.021: sourcing nvim_exec2() called at /home/solomon/.config/nvim/init.lua:0
096.599  000.091  000.091: sourcing /usr/share/nvim/runtime/plugin/matchparen.vim
096.602  000.110  000.019: sourcing nvim_exec2() called at /home/solomon/.config/nvim/init.lua:0
097.264  000.151  000.151: sourcing /usr/share/nvim/runtime/pack/dist/opt/netrw/plugin/netrwPlugin.vim
097.280  000.648  000.497: sourcing /usr/share/nvim/runtime/plugin/netrwPlugin.vim
097.282  000.667  000.018: sourcing nvim_exec2() called at /home/solomon/.config/nvim/init.lua:0
097.373  000.059  000.059: sourcing /usr/share/nvim/runtime/plugin/osc52.lua
097.376  000.085  000.026: sourcing nvim_exec2() called at /home/solomon/.config/nvim/init.lua:0
097.491  000.092  000.092: sourcing /usr/share/nvim/runtime/plugin/rplugin.vim
097.494  000.115  000.023: sourcing nvim_exec2() called at /home/solomon/.config/nvim/init.lua:0
097.563  000.037  000.037: sourcing /usr/share/nvim/runtime/plugin/shada.vim
097.566  000.065  000.028: sourcing nvim_exec2() called at /home/solomon/.config/nvim/init.lua:0
097.610  000.012  000.012: sourcing /usr/share/nvim/runtime/plugin/spellfile.vim
097.613  000.041  000.030: sourcing nvim_exec2() called at /home/solomon/.config/nvim/init.lua:0
097.698  000.053  000.053: sourcing /usr/share/nvim/runtime/plugin/tarPlugin.vim
097.701  000.077  000.024: sourcing nvim_exec2() called at /home/solomon/.config/nvim/init.lua:0
097.799  000.066  000.066: sourcing /usr/share/nvim/runtime/plugin/tohtml.lua
097.802  000.096  000.031: sourcing nvim_exec2() called at /home/solomon/.config/nvim/init.lua:0
097.842  000.015  000.015: sourcing /usr/share/nvim/runtime/plugin/tutor.vim
097.844  000.039  000.025: sourcing nvim_exec2() called at /home/solomon/.config/nvim/init.lua:0
097.950  000.081  000.081: sourcing /usr/share/nvim/runtime/plugin/zipPlugin.vim
097.953  000.102  000.021: sourcing nvim_exec2() called at /home/solomon/.config/nvim/init.lua:0
098.126  000.044  000.044: sourcing /home/solomon/.local/share/nvim/lazy/cmp-nvim-lsp/after/plugin/cmp_nvim_lsp.lua
098.129  000.088  000.044: sourcing nvim_exec2() called at /home/solomon/.config/nvim/init.lua:0
098.352  000.108  000.108: require('cmp_luasnip')
098.405  000.210  000.102: sourcing /home/solomon/.local/share/nvim/lazy/cmp_luasnip/after/plugin/cmp_luasnip.lua
098.409  000.238  000.028: sourcing nvim_exec2() called at /home/solomon/.config/nvim/init.lua:0
098.439  093.835  032.041: require('config.lazy')
098.554  000.005  000.005: sourcing nvim_exec2() called at /home/solomon/.config/nvim/init.lua:0
098.558  000.002  000.002: sourcing nvim_exec2() called at /home/solomon/.config/nvim/init.lua:0
098.562  000.003  000.003: sourcing nvim_exec2() called at /home/solomon/.config/nvim/init.lua:0
098.565  000.001  000.001: sourcing nvim_exec2() called at /home/solomon/.config/nvim/init.lua:0
098.592  000.003  000.003: sourcing nvim_exec2() called at /home/solomon/.config/nvim/init.lua:0
098.597  000.004  000.004: sourcing nvim_exec2() called at /home/solomon/.config/nvim/init.lua:0
098.602  000.001  000.001: sourcing nvim_exec2() called at /home/solomon/.config/nvim/init.lua:0
098.605  000.001  000.001: sourcing nvim_exec2() called at /home/solomon/.config/nvim/init.lua:0
098.608  000.001  000.001: sourcing nvim_exec2() called at /home/solomon/.config/nvim/init.lua:0
098.624  000.184  000.162: require('vim-options')
098.627  094.044  000.024: sourcing /home/solomon/.config/nvim/init.lua
098.634  000.485: sourcing vimrc file(s)
099.162  000.046  000.046: sourcing /usr/share/nvim/runtime/filetype.lua
099.227  000.548: inits 3
101.420  002.193: reading ShaDa
102.021  000.074  000.074: sourcing /home/solomon/.local/share/nvim/lazy/nvim-colorizer.lua/plugin/colorizer.lua
102.025  000.118  000.044: sourcing nvim_exec2() called at BufReadPre Autocommands for "*":0
102.030  000.002  000.002: sourcing nvim_exec2() called at BufReadPre Autocommands for "*":0
102.046  000.001  000.001: sourcing nvim_exec2() called at BufReadPre Autocommands for "*":0
103.110  000.162  000.162: require('colorizer.color')
103.235  000.123  000.123: require('colorizer.constants')
103.737  000.327  000.327: require('colorizer.trie')
104.191  000.301  000.301: require('colorizer.utils')
104.206  000.467  000.166: require('colorizer.parser.names')
104.296  000.089  000.089: require('colorizer.parser.argb_hex')
104.387  000.089  000.089: require('colorizer.parser.hsl')
104.456  000.068  000.068: require('colorizer.parser.rgb')
104.534  000.076  000.076: require('colorizer.parser.rgba_hex')
104.682  000.147  000.147: require('colorizer.sass')
105.064  000.381  000.381: require('colorizer.parser.xterm')
105.068  001.832  000.188: require('colorizer.matcher')
105.202  000.132  000.132: require('colorizer.tailwind')
105.216  002.614  000.365: require('colorizer.buffer')
105.382  000.165  000.165: require('colorizer.config')
105.406  003.322  000.544: require('colorizer')
105.587  000.054  000.054: require('colorizer.usercmds')
109.526  003.015  003.015: require('vim.filetype.detect')
110.663  000.481  000.481: sourcing /home/solomon/.local/share/nvim/lazy/vimtex/autoload/vimtex.vim
110.855  000.088  000.088: sourcing /home/solomon/.local/share/nvim/lazy/vimtex/autoload/vimtex/options.vim
112.269  000.323  000.323: sourcing /home/solomon/.local/share/nvim/lazy/vimtex/autoload/vimtex/util.vim
112.408  000.022  000.022: sourcing /home/solomon/.local/share/nvim/lazy/vimtex/autoload/vimtex/jobs.vim
112.578  000.078  000.078: sourcing /home/solomon/.local/share/nvim/lazy/vimtex/autoload/vimtex/cache.vim
112.773  000.052  000.052: sourcing /home/solomon/.local/share/nvim/lazy/vimtex/autoload/vimtex/paths.vim
113.177  000.115  000.115: sourcing /home/solomon/.local/share/nvim/lazy/vimtex/autoload/vimtex/state.vim
113.381  000.087  000.087: sourcing /home/solomon/.local/share/nvim/lazy/vimtex/autoload/vimtex/re.vim
113.581  000.036  000.036: sourcing /home/solomon/.local/share/nvim/lazy/vimtex/autoload/vimtex/parser.vim
113.739  000.058  000.058: sourcing /home/solomon/.local/share/nvim/lazy/vimtex/autoload/vimtex/parser/tex.vim
114.224  000.075  000.075: sourcing /home/solomon/.local/share/nvim/lazy/vimtex/autoload/vimtex/state/class.vim
116.558  000.104  000.104: sourcing /home/solomon/.local/share/nvim/lazy/vimtex/autoload/vimtex/compiler.vim
116.994  000.208  000.208: sourcing /home/solomon/.local/share/nvim/lazy/vimtex/autoload/vimtex/compiler/_template.vim
117.019  000.335  000.127: sourcing /home/solomon/.local/share/nvim/lazy/vimtex/autoload/vimtex/compiler/latexrun.vim
117.207  000.046  000.046: sourcing /home/solomon/.local/share/nvim/lazy/vimtex/autoload/vimtex/log.vim
117.363  000.022  000.022: sourcing /home/solomon/.local/share/nvim/lazy/vimtex/autoload/vimtex/debug.vim
120.357  000.050  000.050: sourcing /home/solomon/.local/share/nvim/lazy/vimtex/autoload/vimtex/ui.vim
120.592  000.067  000.067: sourcing /home/solomon/.local/share/nvim/lazy/vimtex/autoload/vimtex/view.vim
120.897  000.082  000.082: sourcing /home/solomon/.local/share/nvim/lazy/vimtex/autoload/vimtex/view/_template.vim
120.927  000.222  000.140: sourcing /home/solomon/.local/share/nvim/lazy/vimtex/autoload/vimtex/view/zathura.vim
121.087  000.044  000.044: sourcing /home/solomon/.local/share/nvim/lazy/vimtex/autoload/vimtex/qf.vim
121.231  000.047  000.047: sourcing /home/solomon/.local/share/nvim/lazy/vimtex/autoload/vimtex/qf/latexlog.vim
121.481  000.146  000.146: sourcing /home/solomon/.local/share/nvim/lazy/vimtex/autoload/vimtex/toc.vim
121.662  000.044  000.044: sourcing /home/solomon/.local/share/nvim/lazy/vimtex/autoload/vimtex/fold.vim
121.819  000.045  000.045: sourcing /home/solomon/.local/share/nvim/lazy/vimtex/autoload/vimtex/fold/envs.vim
122.000  000.021  000.021: sourcing /home/solomon/.local/share/nvim/lazy/vimtex/autoload/vimtex/fold/cmd_single_opt.vim
122.150  000.015  000.015: sourcing /home/solomon/.local/share/nvim/lazy/vimtex/autoload/vimtex/fold/comment_pkg.vim
122.270  000.019  000.019: sourcing /home/solomon/.local/share/nvim/lazy/vimtex/autoload/vimtex/fold/markers.vim
122.393  000.013  000.013: sourcing /home/solomon/.local/share/nvim/lazy/vimtex/autoload/vimtex/fold/preamble.vim
122.533  000.039  000.039: sourcing /home/solomon/.local/share/nvim/lazy/vimtex/autoload/vimtex/fold/sections.vim
122.670  000.016  000.016: sourcing /home/solomon/.local/share/nvim/lazy/vimtex/autoload/vimtex/fold/cmd_addplot.vim
122.805  000.021  000.021: sourcing /home/solomon/.local/share/nvim/lazy/vimtex/autoload/vimtex/fold/env_options.vim
122.932  000.017  000.017: sourcing /home/solomon/.local/share/nvim/lazy/vimtex/autoload/vimtex/fold/cmd_multi.vim
123.073  000.023  000.023: sourcing /home/solomon/.local/share/nvim/lazy/vimtex/autoload/vimtex/fold/items.vim
123.216  000.018  000.018: sourcing /home/solomon/.local/share/nvim/lazy/vimtex/autoload/vimtex/fold/cmd_single.vim
123.497  000.067  000.067: sourcing /home/solomon/.local/share/nvim/lazy/vimtex/autoload/vimtex/context.vim
123.645  000.043  000.043: sourcing /home/solomon/.local/share/nvim/lazy/vimtex/autoload/vimtex/context/cite.vim
123.788  000.033  000.033: sourcing /home/solomon/.local/share/nvim/lazy/vimtex/autoload/vimtex/context/glossaries.vim
123.946  000.008  000.008: sourcing /home/solomon/.local/share/nvim/lazy/vimtex/autoload/vimtex/parser/fls.vim
124.231  000.032  000.032: sourcing /home/solomon/.local/share/nvim/lazy/vimtex/autoload/vimtex/bib.vim
124.366  000.016  000.016: sourcing /home/solomon/.local/share/nvim/lazy/vimtex/autoload/vimtex/cite.vim
124.637  000.164  000.164: sourcing /home/solomon/.local/share/nvim/lazy/vimtex/autoload/vimtex/cmd.vim
125.302  000.467  000.467: sourcing /home/solomon/.local/share/nvim/lazy/vimtex/autoload/vimtex/complete.vim
126.180  000.618  000.618: sourcing /home/solomon/.local/share/nvim/lazy/vimtex/autoload/vimtex/delim.vim
126.389  000.067  000.067: sourcing /home/solomon/.local/share/nvim/lazy/vimtex/autoload/vimtex/doc.vim
126.594  000.098  000.098: sourcing /home/solomon/.local/share/nvim/lazy/vimtex/autoload/vimtex/env.vim
126.781  000.040  000.040: sourcing /home/solomon/.local/share/nvim/lazy/vimtex/autoload/vimtex/format.vim
126.906  000.023  000.023: sourcing /home/solomon/.local/share/nvim/lazy/vimtex/autoload/vimtex/fzf.vim
127.053  000.037  000.037: sourcing /home/solomon/.local/share/nvim/lazy/vimtex/autoload/vimtex/imaps.vim
129.132  000.051  000.051: sourcing /home/solomon/.local/share/nvim/lazy/vimtex/autoload/vimtex/include.vim
129.296  000.053  000.053: sourcing /home/solomon/.local/share/nvim/lazy/vimtex/autoload/vimtex/info.vim
129.515  000.015  000.015: sourcing /home/solomon/.local/share/nvim/lazy/vimtex/autoload/vimtex/kpsewhich.vim
129.658  000.027  000.027: sourcing /home/solomon/.local/share/nvim/lazy/vimtex/autoload/vimtex/matchparen.vim
129.804  000.022  000.022: sourcing /home/solomon/.local/share/nvim/lazy/vimtex/autoload/vimtex/syntax.vim
129.989  000.026  000.026: sourcing /home/solomon/.local/share/nvim/lazy/vimtex/autoload/vimtex/pos.vim
130.409  000.036  000.036: sourcing /home/solomon/.local/share/nvim/lazy/vimtex/autoload/vimtex/misc.vim
130.587  000.070  000.070: sourcing /home/solomon/.local/share/nvim/lazy/vimtex/autoload/vimtex/motion.vim
130.845  000.008  000.008: sourcing /home/solomon/.local/share/nvim/lazy/vimtex/autoload/vimtex/nvim.vim
131.320  000.031  000.031: sourcing /home/solomon/.local/share/nvim/lazy/vimtex/autoload/vimtex/profile.vim
131.535  000.020  000.020: sourcing /home/solomon/.local/share/nvim/lazy/vimtex/autoload/vimtex/scratch.vim
131.857  000.103  000.103: sourcing /home/solomon/.local/share/nvim/lazy/vimtex/autoload/vimtex/text_obj.vim
137.506  000.019  000.019: sourcing /home/solomon/.local/share/nvim/lazy/vimtex/autoload/vimtex/text_obj/targets.vim
137.783  027.722  022.742: sourcing /home/solomon/.local/share/nvim/lazy/vimtex/ftplugin/tex.vim
138.338  000.010  000.010: sourcing /usr/share/nvim/runtime/ftplugin/tex.vim
138.919  000.223  000.223: sourcing /home/solomon/.local/share/nvim/lazy/vimtex/after/ftplugin/tex.vim
139.322  000.164  000.164: sourcing /home/solomon/.local/share/nvim/lazy/vimtex/indent/tex.vim
139.568  000.027  000.027: sourcing /usr/share/nvim/runtime/indent/tex.vim
140.610  000.614  000.614: sourcing /home/solomon/.local/share/nvim/lazy/vimtex/autoload/vimtex/syntax/core.vim
147.414  000.908  000.908: require('gitsigns.async')
152.804  000.025  000.025: sourcing /home/solomon/.local/share/nvim/lazy/vimtex/autoload/vimtex/syntax/nested.vim
153.672  000.665  000.665: sourcing /home/solomon/.local/share/nvim/lazy/vimtex/autoload/vimtex/syntax/packages.vim
154.355  000.031  000.031: sourcing /home/solomon/.local/share/nvim/lazy/vimtex/autoload/vimtex/syntax/p/amsmath.vim
155.244  015.354  013.112: sourcing /home/solomon/.local/share/nvim/lazy/vimtex/syntax/tex.vim
155.865  000.015  000.015: sourcing /usr/share/nvim/runtime/syntax/tex.vim
157.758  000.806  000.806: require('vim.health')
157.780  001.166  000.360: require('vim.deprecated.health')
158.325  000.239  000.239: require('breadcrumbs.utils')
160.028  000.372  000.372: require('gitsigns.util')
160.032  001.256  000.884: require('gitsigns.hunks')
160.120  000.027  000.027: require('gitsigns.diff')
160.158  000.037  000.037: require('gitsigns.signs')
160.191  000.031  000.031: require('gitsigns.status')
160.231  000.039  000.039: require('gitsigns.cache')
160.257  000.223  000.088: require('gitsigns.manager')
160.288  000.030  000.030: require('gitsigns.message')
160.316  000.026  000.026: require('gitsigns.repeat')
160.348  001.967  000.431: require('gitsigns.actions')
160.558  000.027  000.027: require('gitsigns.system')
160.559  000.057  000.030: require('gitsigns.git.cmd')
160.589  000.029  000.029: require('gitsigns.git.errors')
160.620  000.029  000.029: require('gitsigns.git.version')
160.625  000.182  000.067: require('gitsigns.git.repo')
160.629  000.227  000.045: require('gitsigns.git')
160.634  000.282  000.056: require('gitsigns.attach')
160.700  000.048  000.048: require('gitsigns.current_line_blame')
160.826  000.076  000.076: require('vim._system')
162.834  000.190  000.190: require('editorconfig')
164.588  000.188  000.188: require('luasnip.loaders.from_lua')
164.709  000.116  000.116: require('luasnip.loaders.from_snipmate')
171.413  015.693: opening buffers
173.128  001.715: BufEnter autocommands
173.136  000.008: editing files in windows
173.443  000.066  000.066: sourcing /home/solomon/.local/share/nvim/lazy/dashboard-nvim/plugin/dashboard.lua
173.447  000.120  000.055: sourcing nvim_exec2() called at VimEnter Autocommands for "*":0
173.454  000.002  000.002: sourcing nvim_exec2() called at VimEnter Autocommands for "*":0
173.462  000.001  000.001: sourcing nvim_exec2() called at VimEnter Autocommands for "*":0
174.003  000.069  000.069: require('dashboard.utils')
174.008  000.540  000.471: require('dashboard')
174.106  000.047  000.047: require('modicator.notifications')
1207.635  1033.789: VimEnter autocommands
1208.156  000.131  000.131: require('vim.termcap')
1208.205  000.028  000.028: require('vim.text')
1208.234  000.440: UIEnter autocommands
1208.236  000.002: before starting main loop
1210.503  002.268: first screen update
1210.505  000.002: --- NVIM STARTED ---

