00:00:00.244761 VirtualBox GUI VM Selector Window 7.2.4 r170995 linux.amd64 (Oct 22 2025 16:59:14) release log
00:00:00.244762 Log opened 2025-11-30T21:59:52.279106000Z
00:00:00.244763 Build Type: release
00:00:00.244765 OS Product: Linux
00:00:00.244765 OS Release: 6.17.9-arch1-1
00:00:00.244766 OS Version: #1 SMP PREEMPT_DYNAMIC Mon, 24 Nov 2025 15:21:09 +0000
00:00:00.244789 DMI Product Name: HP 255 15.6 inch G9 Notebook PC
00:00:00.244799 DMI Product Version: Type1ProductConfigId
00:00:00.244804 Firmware type: UEFI
00:00:00.244961 Secure Boot: Disabled
00:00:00.245001 Host RAM: 7238MB (7.0GB) total, 5851MB (5.7GB) available
00:00:00.245002 Executable: /usr/lib/virtualbox/VirtualBox
00:00:00.245003 Process ID: 136562
00:00:00.245003 Package type: LINUX_64BITS_GENERIC (OSE)
00:00:00.245028 Qt version: 6.10.1
00:00:00.245574 GUI: UIMediumEnumerator: Initial medium-enumeration finished!
00:00:00.258805 GUI: UIMediumEnumerator: Medium-enumeration started...
00:00:00.802867 GUI: UIMediumEnumerator: Medium-enumeration finished!
00:00:04.909665 GUI: UIInvisibleWindow::sltFallback: Move event missing. Screen: 0, work area: 959x539 x 800x800
00:00:04.909749 GUI: UIDesktopWidgetWatchdog::sltHandleHostScreenAvailableGeometryCalculated: Screen 0 work area is actually resized to: 959x539 x 800x800
00:00:10.010020 GUI: UICommon: Handling aboutToQuit request..
00:00:11.192090 GUI: UICommon: aboutToQuit request handled!
